N. Loci =   16,   Max. Allele Designation =  999
Lowest allele frequencies used, in the order for each population:
        0.05000(CI)  0.02000(CI)  0.01000(CI)
(CI: Run Confidence Intervals)
NOTE: No results are shown for frequency that are not marked by CI
------------------------------------------------------------------------------------
 Pop  #Indep.    r^2     Exp(r^2)       Ne^                  CIs for Ne^
  #   Alleles             Sample                    Parametric        Jackknife Loci
------------------------------------------------------------------------------------
   1    1784   0.059499  0.059374     4960.9     143.9  Infinite     160.0  Infinite
        2338   0.059182  0.059263    -7624.8     176.3  Infinite     176.7  Infinite
        2338   0.059182  0.059263    -7624.8     176.3  Infinite     176.6  Infinite
   2    1067   0.064774  0.055228       62.5      37.8     138.8      34.4     184.7
        2020   0.060200  0.055159      120.4      67.0     411.5      67.0     409.9
        2020   0.060200  0.055159      120.4      67.0     411.5      67.0     410.1
   3    1310   0.078368  0.083357     -126.0     446.7  Infinite     352.4  Infinite
        2072   0.081935  0.087433     -114.5   -2291.9  Infinite    1154.3  Infinite
        2072   0.081935  0.087433     -114.5   -2291.9  Infinite    1154.3  Infinite
   4    1132   0.089118  0.085696      178.4      52.7  Infinite      48.0  Infinite
        1588   0.084916  0.087296     -261.8     158.3  Infinite     146.2  Infinite
        1588   0.084916  0.087296     -261.8     158.3  Infinite     146.2  Infinite
   5    1377   0.072999  0.075902     -215.0     213.1  Infinite     244.7  Infinite
        1778   0.075594  0.075569    24996.8     115.5  Infinite     157.4  Infinite
        1778   0.075594  0.075569    24996.8     115.5  Infinite     157.3  Infinite
   6    1351   0.055050  0.057903     -218.7     397.6  Infinite     378.9  Infinite
        2453   0.058020  0.056882      540.8     134.3  Infinite     161.2  Infinite
        2453   0.058020  0.056882      540.8     134.3  Infinite     161.2  Infinite
   7    1679   0.074461  0.067146       82.3      46.8     242.8      45.4     273.5
        2576   0.090513  0.066896       23.8      19.1      30.5      17.4      34.3
        2576   0.090513  0.066896       23.8      19.1      30.5      17.4      34.3
   8     625   0.453952  0.506050      -13.7     221.8  Infinite     -25.2  Infinite
         625   0.453952  0.506050      -13.7     221.8  Infinite     -25.2  Infinite
         625   0.453952  0.506050      -13.7     221.8  Infinite     -25.2  Infinite
   9     168   0.931313  1.629584       -1.9      -2.5  Infinite      -2.0  Infinite
         168   0.931313  1.629584       -1.9      -2.5  Infinite      -2.0  Infinite
         168   0.931313  1.629584       -1.9      -2.5  Infinite      -2.0  Infinite
  10      36   1.000000  5.348800       -0.6      -0.7  Infinite      -0.6  Infinite
          36   1.000000  5.348800       -0.6      -0.7  Infinite      -0.6  Infinite
          36   1.000000  5.348800       -0.6      -0.7  Infinite      -0.6  Infinite
  11    1456   0.062755  0.060896      330.4      90.4  Infinite      95.0  Infinite
        1929   0.059601  0.060959     -457.2     236.5  Infinite     253.0  Infinite
        1929   0.059601  0.060959     -457.2     236.5  Infinite     253.0  Infinite
  12     182   0.773504  1.565300       -1.7      -2.1  Infinite      -1.8  Infinite
         182   0.773504  1.565300       -1.7      -2.1  Infinite      -1.8  Infinite
         182   0.773504  1.565300       -1.7      -2.1  Infinite      -1.8  Infinite
