     Output From Program LDNe by Robin Waples and Chi Do
            Version 1.31   Modified December 2007
            Date: 10/28/2009, Time: 14:39:23

            Input File: PRBI_genepop_2009-09-23.txt
            Mating Model is monogamy

Lowest Allele Frequency Used =   0.05000   0.02000   0.01000
------------------------------------------------------------
Population 1[1]
---------------
Harmonic Mean Sample Size =         19.7      19.7      19.7
Independent Comparisons =          1784      2338      2338
OverAll r^2 =                    0.05950   0.05918   0.05918
Expected r^2 Sample =            0.05937   0.05926   0.05926
Estimated Ne^ =                   4960.9   -7624.8   -7624.8

95% CIs for Ne^
* Parametric                       143.9     176.3     176.3
                                Infinite  Infinite  Infinite

* JackKnife on Loci                160.0     176.7     176.6
                                Infinite  Infinite  Infinite

------------------------------------------------------------
Population 2[2]
---------------
Harmonic Mean Sample Size =         20.9      21.0      21.0
Independent Comparisons =          1067      2020      2020
OverAll r^2 =                    0.06477   0.06020   0.06020
Expected r^2 Sample =            0.05523   0.05516   0.05516
Estimated Ne^ =                     62.5     120.4     120.4

95% CIs for Ne^
* Parametric                        37.8      67.0      67.0
                                   138.8     411.5     411.5

* JackKnife on Loci                 34.4      67.0      67.0
                                   184.7     409.9     410.1

------------------------------------------------------------
Population 3[7]
---------------
Harmonic Mean Sample Size =         14.8      14.2      14.2
Independent Comparisons =          1310      2072      2072
OverAll r^2 =                    0.07837   0.08194   0.08194
Expected r^2 Sample =            0.08336   0.08743   0.08743
Estimated Ne^ =                   -126.0    -114.5    -114.5

95% CIs for Ne^
* Parametric                       446.7   -2291.9   -2291.9
                                Infinite  Infinite  Infinite

* JackKnife on Loci                352.4    1154.3    1154.3
                                Infinite  Infinite  Infinite

------------------------------------------------------------
Population 4[8]
---------------
Harmonic Mean Sample Size =         14.5      14.3      14.3
Independent Comparisons =          1132      1588      1588
OverAll r^2 =                    0.08912   0.08492   0.08492
Expected r^2 Sample =            0.08570   0.08730   0.08730
Estimated Ne^ =                    178.4    -261.8    -261.8

95% CIs for Ne^
* Parametric                        52.7     158.3     158.3
                                Infinite  Infinite  Infinite

* JackKnife on Loci                 48.0     146.2     146.2
                                Infinite  Infinite  Infinite

------------------------------------------------------------
Population 5[9]
---------------
Harmonic Mean Sample Size =         16.0      16.0      16.0
Independent Comparisons =          1377      1778      1778
OverAll r^2 =                    0.07300   0.07559   0.07559
Expected r^2 Sample =            0.07590   0.07557   0.07557
Estimated Ne^ =                   -215.0   24996.8   24996.8

95% CIs for Ne^
* Parametric                       213.1     115.5     115.5
                                Infinite  Infinite  Infinite

* JackKnife on Loci                244.7     157.4     157.3
                                Infinite  Infinite  Infinite

------------------------------------------------------------
Population 6[10]
----------------
Harmonic Mean Sample Size =         20.1      20.4      20.4
Independent Comparisons =          1351      2453      2453
OverAll r^2 =                    0.05505   0.05802   0.05802
Expected r^2 Sample =            0.05790   0.05688   0.05688
Estimated Ne^ =                   -218.7     540.8     540.8

95% CIs for Ne^
* Parametric                       397.6     134.3     134.3
                                Infinite  Infinite  Infinite

* JackKnife on Loci                378.9     161.2     161.2
                                Infinite  Infinite  Infinite

------------------------------------------------------------
Population 7[11]
----------------
Harmonic Mean Sample Size =         17.7      17.8      17.8
Independent Comparisons =          1679      2576      2576
OverAll r^2 =                    0.07446   0.09051   0.09051
Expected r^2 Sample =            0.06715   0.06690   0.06690
Estimated Ne^ =                     82.3      23.8      23.8

95% CIs for Ne^
* Parametric                        46.8      19.1      19.1
                                   242.8      30.5      30.5

* JackKnife on Loci                 45.4      17.4      17.4
                                   273.5      34.3      34.3

------------------------------------------------------------
Population 8[13]
----------------
Harmonic Mean Sample Size =          4.0       4.0       4.0
Independent Comparisons =           625       625       625
OverAll r^2 =                    0.45395   0.45395   0.45395
Expected r^2 Sample =            0.50605   0.50605   0.50605
Estimated Ne^ =                    -13.7     -13.7     -13.7

95% CIs for Ne^
* Parametric                       221.8     221.8     221.8
                                Infinite  Infinite  Infinite

* JackKnife on Loci                -25.2     -25.2     -25.2
                                Infinite  Infinite  Infinite

------------------------------------------------------------
Population 9[14]
----------------
Harmonic Mean Sample Size =          2.0       2.0       2.0
Independent Comparisons =           168       168       168
OverAll r^2 =                    0.93131   0.93131   0.93131
Expected r^2 Sample =            1.62958   1.62958   1.62958
Estimated Ne^ =                     -1.9      -1.9      -1.9

95% CIs for Ne^
* Parametric                        -2.5      -2.5      -2.5
                                Infinite  Infinite  Infinite

* JackKnife on Loci                 -2.0      -2.0      -2.0
                                Infinite  Infinite  Infinite

------------------------------------------------------------
Population 10[15]
-----------------
Harmonic Mean Sample Size =          1.0       1.0       1.0
Independent Comparisons =            36        36        36
OverAll r^2 =                    1.00000   1.00000   1.00000
Expected r^2 Sample =            5.34880   5.34880   5.34880
Estimated Ne^ =                     -0.6      -0.6      -0.6

95% CIs for Ne^
* Parametric                        -0.7      -0.7      -0.7
                                Infinite  Infinite  Infinite

* JackKnife on Loci                 -0.6      -0.6      -0.6
                                Infinite  Infinite  Infinite

------------------------------------------------------------
Population 11[19]
-----------------
Harmonic Mean Sample Size =         19.3      19.2      19.2
Independent Comparisons =          1456      1929      1929
OverAll r^2 =                    0.06275   0.05960   0.05960
Expected r^2 Sample =            0.06090   0.06096   0.06096
Estimated Ne^ =                    330.4    -457.2    -457.2

95% CIs for Ne^
* Parametric                        90.4     236.5     236.5
                                Infinite  Infinite  Infinite

* JackKnife on Loci                 95.0     253.0     253.0
                                Infinite  Infinite  Infinite

------------------------------------------------------------
Population 12[22]
-----------------
Harmonic Mean Sample Size =          2.0       2.0       2.0
Independent Comparisons =           182       182       182
OverAll r^2 =                    0.77350   0.77350   0.77350
Expected r^2 Sample =            1.56530   1.56530   1.56530
Estimated Ne^ =                     -1.7      -1.7      -1.7

95% CIs for Ne^
* Parametric                        -2.1      -2.1      -2.1
                                Infinite  Infinite  Infinite

* JackKnife on Loci                 -1.8      -1.8      -1.8
                                Infinite  Infinite  Infinite

