                   Output from the program

 Estimating Ne only, assuming a single isolated population (m==0)

**************** Likelihood estimates ***************
   PARAMETER      POINT_EST         +95%CI         -95%CI
          Ne     9.9999E+03  >  1.0000E+04     2.9995E+01

Relative profile log-likelihood as a function of Ne
              Ne          Log(L)
           29.99         -2.0000
           33.60         -1.7342
           36.43         -1.5597
           41.40         -1.3336
           46.37         -1.1632
           52.99         -0.9963
           70.66         -0.7160
           94.21         -0.5177
          140.91         -0.3314
          267.64         -0.1665
          514.93         -0.0826
         1267.82         -0.0305
         3011.46         -0.0102
         9999.86          0.0000

**************** Moment     estimates ***************

 Estimate of Ne INFINITE
 Ne<0 indicates an infinitely large estimate of Ne



 Program started:  Date(d/m/y)=13/04/2009,  Time(s/m/hr)=27/55/16
 Program finished: Date(d/m/y)=13/04/2009,  Time(s/m/hr)=13/59/16
