                   Output from the program

 Estimating Ne only, assuming a single isolated population (m==0)

**************** Likelihood estimates ***************
   PARAMETER      POINT_EST         +95%CI         -95%CI
          Ne     9.9999E+03  >  1.0000E+04     6.4057E+01

Relative profile log-likelihood as a function of Ne
              Ne          Log(L)
           64.06         -2.0000
           68.46         -1.8039
           73.53         -1.6295
           81.14         -1.4186
           91.28         -1.1957
          107.39         -0.9583
          127.27         -0.7624
          169.70         -0.5268
          228.44         -0.3626
          433.88         -0.1685
          824.08         -0.0802
         1739.12         -0.0330
         3717.85         -0.0115
         9999.86          0.0000

**************** Moment     estimates ***************

 Estimate of Ne INFINITE
 Ne<0 indicates an infinitely large estimate of Ne



 Program started:  Date(d/m/y)=13/04/2009,  Time(s/m/hr)=52/21/17
 Program finished: Date(d/m/y)=13/04/2009,  Time(s/m/hr)=48/24/17
