                   Output from the program

 Estimating Ne only, assuming a single isolated population (m==0)

**************** Likelihood estimates ***************
   PARAMETER      POINT_EST         +95%CI         -95%CI
          Ne     9.9998E+03  >  1.0000E+04     3.4471E+01

Relative profile log-likelihood as a function of Ne
              Ne          Log(L)
           34.47         -2.0000
           36.85         -1.7767
           39.92         -1.5668
           44.53         -1.3218
           49.14         -1.1358
           55.28         -0.9362
           65.04         -0.7363
           77.08         -0.5725
          103.76         -0.3722
          177.37         -0.1813
          336.88         -0.0816
          648.16         -0.0378
         1646.51         -0.0125
         9999.81          0.0000

**************** Moment     estimates ***************

 Estimate of Ne INFINITE
 Ne<0 indicates an infinitely large estimate of Ne



 Program started:  Date(d/m/y)=13/04/2009,  Time(s/m/hr)=21/59/16
 Program finished: Date(d/m/y)=13/04/2009,  Time(s/m/hr)=52/02/17
