                   Output from the program

 Estimating Ne only, assuming a single isolated population (m==0)

**************** Likelihood estimates ***************
   PARAMETER      POINT_EST         +95%CI         -95%CI
          Ne     9.9998E+03  >  1.0000E+04     7.6961E+01

Relative profile log-likelihood as a function of Ne
              Ne          Log(L)
           76.96         -2.0000
           85.73         -1.7577
           94.60         -1.5537
          106.43         -1.3431
          125.21         -1.1081
          147.30         -0.9112
          174.58         -0.7493
          232.78         -0.5383
          348.17         -0.3432
          661.29         -0.1682
         1256.02         -0.0813
         2385.60         -0.0369
         4589.90         -0.0135
         9999.78          0.0000

**************** Moment     estimates ***************

 Estimate of Ne INFINITE
 Ne<0 indicates an infinitely large estimate of Ne



 Program started:  Date(d/m/y)=13/04/2009,  Time(s/m/hr)=48/08/17
 Program finished: Date(d/m/y)=13/04/2009,  Time(s/m/hr)=05/13/17
