                   Output from the program

 Estimating Ne only, assuming a single isolated population (m==0)

**************** Likelihood estimates ***************
   PARAMETER      POINT_EST         +95%CI         -95%CI
          Ne     9.9999E+03  >  1.0000E+04     1.3643E+02

Relative profile log-likelihood as a function of Ne
              Ne          Log(L)
          136.43         -2.0000
          146.60         -1.8316
          163.52         -1.5980
          180.43         -1.4151
          202.98         -1.2269
          238.81         -1.0088
          283.03         -0.8261
          381.00         -0.5846
          586.15         -0.3570
         1113.30         -0.1707
         2094.39         -0.0791
         3480.71         -0.0389
         5949.94         -0.0140
         9999.89          0.0000

**************** Moment     estimates ***************

 Estimate of Ne INFINITE
 Ne<0 indicates an infinitely large estimate of Ne



 Program started:  Date(d/m/y)=13/04/2009,  Time(s/m/hr)=07/35/17
 Program finished: Date(d/m/y)=13/04/2009,  Time(s/m/hr)=07/38/17
