                   Output from the program

 Estimating Ne only, assuming a single isolated population (m==0)

**************** Likelihood estimates ***************
   PARAMETER      POINT_EST         +95%CI         -95%CI
          Ne     9.9993E+03  >  1.0000E+04     3.3837E+01

Relative profile log-likelihood as a function of Ne
              Ne          Log(L)
           33.84         -2.0000
           38.23         -1.7398
           42.64         -1.5143
           47.05         -1.3387
           52.93         -1.1578
           62.27         -0.9518
           73.81         -0.7814
           98.41         -0.5636
          147.19         -0.3609
          279.57         -0.1798
          537.89         -0.0889
         1207.37         -0.0363
         3011.28         -0.0115
         9999.28          0.0000

**************** Moment     estimates ***************

 Estimate of Ne INFINITE
 Ne<0 indicates an infinitely large estimate of Ne



 Program started:  Date(d/m/y)=13/04/2009,  Time(s/m/hr)=20/03/17
 Program finished: Date(d/m/y)=13/04/2009,  Time(s/m/hr)=07/06/17
