     Output From Program LDNe by Robin Waples and Chi Do
            Version 1.31   Modified December 2007
            Date: 03/16/2009, Time: 14:21:48

            Input File: Aclarkii_2009-03-13 onepop.txt
            Mating Model is monogamy

Loci removed from Data Set:    4

Lowest Allele Frequency Used =   0.05000   0.02000   0.01000
------------------------------------------------------------
Population 1[NA]
----------------
Harmonic Mean Sample Size =        368.6     367.5     367.9
Independent Comparisons =          1098      2200      2885
OverAll r^2 =                    0.00306   0.00290   0.00287
Expected r^2 Sample =            0.00274   0.00274   0.00274
Estimated Ne^ =                   2042.3    4333.8    5294.6

95% CIs for Ne^
* Parametric                      1109.9    1999.7    2380.2
                                  7826.1  Infinite  Infinite

* JackKnife on Loci                978.9    1753.6    2058.4
                                 26568.2  Infinite  Infinite

