                   Output from the program

 Estimating Ne only, assuming a single isolated population (m==0)

**************** Likelihood estimates ***************
   PARAMETER      POINT_EST         +95%CI         -95%CI
          Ne     9.9998E+03  >  1.0000E+04     1.3316E+02

Relative profile log-likelihood as a function of Ne
              Ne          Log(L)
          133.16         -2.0000
          146.60         -1.7699
          163.51         -1.5372
          180.43         -1.3559
          202.98         -1.1705
          238.80         -0.9570
          283.03         -0.7797
          377.37         -0.5535
          508.00         -0.3912
          964.86         -0.1860
         1832.58         -0.0860
         3480.69         -0.0356
         5949.90         -0.0128
         9999.83          0.0000

**************** Moment     estimates ***************

 Estimate of Ne INFINITE
 Ne<0 indicates an infinitely large estimate of Ne



 Program started:  Date(d/m/y)=13/04/2009,  Time(s/m/hr)=15/35/17
 Program finished: Date(d/m/y)=13/04/2009,  Time(s/m/hr)=16/38/17
