                   Output from the program

 Estimating Ne only, assuming a single isolated population (m==0)

**************** Likelihood estimates ***************
   PARAMETER      POINT_EST         +95%CI         -95%CI
          Ne     9.9998E+03  >  1.0000E+04     4.4406E+01

Relative profile log-likelihood as a function of Ne
              Ne          Log(L)
           44.41         -2.0000
           47.91         -1.7802
           51.90         -1.5770
           57.89         -1.3394
           63.87         -1.1586
           71.86         -0.9766
           85.17         -0.7715
          113.55         -0.5186
          151.40         -0.3545
          251.62         -0.1881
          484.12         -0.0867
         1086.69         -0.0340
         2710.30         -0.0108
         9999.80          0.0000

**************** Moment     estimates ***************

 Estimate of Ne INFINITE
 Ne<0 indicates an infinitely large estimate of Ne



 Program started:  Date(d/m/y)=13/04/2009,  Time(s/m/hr)=13/19/17
 Program finished: Date(d/m/y)=13/04/2009,  Time(s/m/hr)=13/23/17
