     Output From Program LDNe by Robin Waples and Chi Do
            Version 1.31   Modified December 2007
            Date: 04/03/2009, Time: 11:15:50

            Input File: Aclarkii_2009-04-03_LDNEJuv.gen
            Mating Model is monogamy

Lowest Allele Frequency Used =   0.05000   0.02000   0.01000
------------------------------------------------------------
Population 1[7]
---------------
Harmonic Mean Sample Size =          4.9       4.9       4.9
Independent Comparisons =           641       641       641
OverAll r^2 =                    0.35510   0.35510   0.35510
Expected r^2 Sample =            0.37473   0.37473   0.37473
Estimated Ne^ =                    -33.5     -33.5     -33.5

95% CIs for Ne^
* Parametric                        24.9      24.9      24.9
                                Infinite  Infinite  Infinite

* JackKnife on Loci               -120.8    -122.1    -122.6
                                Infinite  Infinite  Infinite

------------------------------------------------------------
Population 2[8]
---------------
Harmonic Mean Sample Size =          6.8       6.8       6.8
Independent Comparisons =           908       908       908
OverAll r^2 =                    0.21952   0.21952   0.21952
Expected r^2 Sample =            0.22922   0.22922   0.22922
Estimated Ne^ =                    -65.8     -65.8     -65.8

95% CIs for Ne^
* Parametric                        49.4      49.4      49.4
                                Infinite  Infinite  Infinite

* JackKnife on Loci                134.6     134.5     134.4
                                Infinite  Infinite  Infinite

------------------------------------------------------------
Population 3[9]
---------------
Harmonic Mean Sample Size =          8.9       8.9       8.9
Independent Comparisons =           967       967       967
OverAll r^2 =                    0.15224   0.15224   0.15224
Expected r^2 Sample =            0.16083   0.16083   0.16083
Estimated Ne^ =                    -74.0     -74.0     -74.0

95% CIs for Ne^
* Parametric                       101.8     101.8     101.8
                                Infinite  Infinite  Infinite

* JackKnife on Loci              -1281.8   -1281.8   -1285.6
                                Infinite  Infinite  Infinite

------------------------------------------------------------
Population 4[10]
----------------
Harmonic Mean Sample Size =          3.9       3.9       3.9
Independent Comparisons =           486       486       486
OverAll r^2 =                    0.43626   0.43626   0.43626
Expected r^2 Sample =            0.52117   0.52117   0.52117
Estimated Ne^ =                     -9.0      -9.0      -9.0

95% CIs for Ne^
* Parametric                       -27.3     -27.3     -27.3
                                Infinite  Infinite  Infinite

* JackKnife on Loci                -12.6     -12.6     -12.6
                                Infinite  Infinite  Infinite

------------------------------------------------------------
Population 5[11]
----------------
Harmonic Mean Sample Size =          5.2       5.2       5.2
Independent Comparisons =           784       784       784
OverAll r^2 =                    0.29815   0.29815   0.29815
Expected r^2 Sample =            0.33571   0.33571   0.33571
Estimated Ne^ =                    -18.4     -18.4     -18.4

95% CIs for Ne^
* Parametric                      -110.7    -110.7    -110.7
                                Infinite  Infinite  Infinite

* JackKnife on Loci                -41.9     -41.9     -41.9
                                Infinite  Infinite  Infinite

------------------------------------------------------------
Population 6[13]
----------------
Harmonic Mean Sample Size =          7.0       7.0       7.0
Independent Comparisons =           724       724       724
OverAll r^2 =                    0.22556   0.22556   0.22556
Expected r^2 Sample =            0.22198   0.22198   0.22198
Estimated Ne^ =                    170.5     170.5     170.5

95% CIs for Ne^
* Parametric                        19.1      19.1      19.1
                                Infinite  Infinite  Infinite

* JackKnife on Loci                 31.0      31.0      31.0
                                Infinite  Infinite  Infinite

------------------------------------------------------------
Population 7[14]
----------------
Harmonic Mean Sample Size =         14.4      14.6      14.6
Independent Comparisons =          1029      1763      1763
OverAll r^2 =                    0.08216   0.08082   0.08082
Expected r^2 Sample =            0.08599   0.08504   0.08504
Estimated Ne^ =                   -163.5    -148.4    -148.4

95% CIs for Ne^
* Parametric                       162.2     442.9     442.9
                                Infinite  Infinite  Infinite

* JackKnife on Loci                114.8     386.2     386.2
                                Infinite  Infinite  Infinite

------------------------------------------------------------
Population 8[15]
----------------
Harmonic Mean Sample Size =          2.7       2.7       2.7
Independent Comparisons =           315       315       315
OverAll r^2 =                    0.66224   0.66224   0.66224
Expected r^2 Sample =            0.92470   0.92470   0.92470
Estimated Ne^ =                     -3.7      -3.7      -3.7

95% CIs for Ne^
* Parametric                        -5.8      -5.8      -5.8
                                Infinite  Infinite  Infinite

* JackKnife on Loci                 -4.2      -4.2      -4.2
                                Infinite  Infinite  Infinite

------------------------------------------------------------
Population 9[16]
----------------
Harmonic Mean Sample Size =          9.0       9.0       9.0
Independent Comparisons =          1068      1068      1068
OverAll r^2 =                    0.15732   0.15732   0.15732
Expected r^2 Sample =            0.15848   0.15848   0.15848
Estimated Ne^ =                   -536.9    -536.9    -536.9

95% CIs for Ne^
* Parametric                        45.0      45.0      45.0
                                Infinite  Infinite  Infinite

* JackKnife on Loci                 74.3      74.3      74.3
                                Infinite  Infinite  Infinite

------------------------------------------------------------
Population 10[17]
-----------------
Harmonic Mean Sample Size =          4.0       4.0       4.0
Independent Comparisons =           491       491       491
OverAll r^2 =                    0.46191   0.46191   0.46191
Expected r^2 Sample =            0.50605   0.50605   0.50605
Estimated Ne^ =                    -15.9     -15.9     -15.9

95% CIs for Ne^
* Parametric                        29.3      29.3      29.3
                                Infinite  Infinite  Infinite

* JackKnife on Loci                -26.5     -26.5     -26.5
                                Infinite  Infinite  Infinite

------------------------------------------------------------
Population 11[18]
-----------------
Harmonic Mean Sample Size =          4.0       4.0       4.0
Independent Comparisons =           458       458       458
OverAll r^2 =                    0.45954   0.45954   0.45954
Expected r^2 Sample =            0.50605   0.50605   0.50605
Estimated Ne^ =                    -15.1     -15.1     -15.1

95% CIs for Ne^
* Parametric                        29.7      29.7      29.7
                                Infinite  Infinite  Infinite

* JackKnife on Loci                -26.1     -26.1     -26.1
                                Infinite  Infinite  Infinite

------------------------------------------------------------
Population 12[19]
-----------------
Harmonic Mean Sample Size =          6.0       6.0       6.0
Independent Comparisons =           614       614       614
OverAll r^2 =                    0.26547   0.26547   0.26547
Expected r^2 Sample =            0.27630   0.27630   0.27630
Estimated Ne^ =                    -59.1     -59.1     -59.1

95% CIs for Ne^
* Parametric                        26.4      26.4      26.4
                                Infinite  Infinite  Infinite

* JackKnife on Loci                116.0     116.0     116.0
                                Infinite  Infinite  Infinite

------------------------------------------------------------
Population 13[20]
-----------------
Harmonic Mean Sample Size =          4.6       4.6       4.6
Independent Comparisons =           440       440       440
OverAll r^2 =                    0.39425   0.39425   0.39425
Expected r^2 Sample =            0.40782   0.40782   0.40782
Estimated Ne^ =                    -47.6     -47.6     -47.6

95% CIs for Ne^
* Parametric                        11.4      11.4      11.4
                                Infinite  Infinite  Infinite

* JackKnife on Loci                 42.7      42.7      42.7
                                Infinite  Infinite  Infinite

------------------------------------------------------------
Population 14[22]
-----------------
Harmonic Mean Sample Size =          5.8       5.8       5.8
Independent Comparisons =           598       598       598
OverAll r^2 =                    0.28764   0.28764   0.28764
Expected r^2 Sample =            0.29247   0.29247   0.29247
Estimated Ne^ =                   -130.1    -130.1    -130.1

95% CIs for Ne^
* Parametric                        17.7      17.7      17.7
                                Infinite  Infinite  Infinite

* JackKnife on Loci                 30.9      30.9      30.9
                                Infinite  Infinite  Infinite

------------------------------------------------------------
Population 15[23]
-----------------
Harmonic Mean Sample Size =          5.9       5.9       5.9
Independent Comparisons =           773       773       773
OverAll r^2 =                    0.27082   0.27082   0.27082
Expected r^2 Sample =            0.28626   0.28626   0.28626
Estimated Ne^ =                    -42.1     -42.1     -42.1

95% CIs for Ne^
* Parametric                        42.8      42.8      42.8
                                Infinite  Infinite  Infinite

* JackKnife on Loci               1381.8    1381.8    1381.8
                                Infinite  Infinite  Infinite

------------------------------------------------------------
Population 16[24]
-----------------
Harmonic Mean Sample Size =          7.0       7.0       7.0
Independent Comparisons =           865       865       865
OverAll r^2 =                    0.21669   0.21669   0.21669
Expected r^2 Sample =            0.22198   0.22198   0.22198
Estimated Ne^ =                   -118.8    -118.8    -118.8

95% CIs for Ne^
* Parametric                        34.8      34.8      34.8
                                Infinite  Infinite  Infinite

* JackKnife on Loci                 79.5      79.5      79.5
                                Infinite  Infinite  Infinite

------------------------------------------------------------
Population 17[25]
-----------------
Harmonic Mean Sample Size =          8.6       8.6       8.6
Independent Comparisons =           958       958       958
OverAll r^2 =                    0.16142   0.16142   0.16142
Expected r^2 Sample =            0.16761   0.16761   0.16761
Estimated Ne^ =                   -101.9    -101.9    -101.9

95% CIs for Ne^
* Parametric                        64.3      64.3      64.3
                                Infinite  Infinite  Infinite

* JackKnife on Loci                192.0     192.0     192.0
                                Infinite  Infinite  Infinite

------------------------------------------------------------
Population 18[27]
-----------------
Harmonic Mean Sample Size =          3.0       3.0       3.0
Independent Comparisons =           179       179       179
OverAll r^2 =                    0.72164   0.72164   0.72164
Expected r^2 Sample =            0.79747   0.79747   0.79747
Estimated Ne^ =                     -9.9      -9.9      -9.9

95% CIs for Ne^
* Parametric                         3.1       3.1       3.1
                                Infinite  Infinite  Infinite

* JackKnife on Loci                -22.3     -22.3     -22.3
                                Infinite  Infinite  Infinite

