     Output From Program LDNe by Robin Waples and Chi Do
            Version 1.31   Modified December 2007
            Date: 04/06/2009, Time: 10:56:38

            Input File: Aclarkii_2009-04-06 AveFour.gen
            Mating Model is monogamy

Lowest Allele Frequency Used =   0.05000   0.02000   0.01000
------------------------------------------------------------
Population 1[7]
---------------
Harmonic Mean Sample Size =         77.0      76.5      76.6
Independent Comparisons =          1402      2609      3358
OverAll r^2 =                    0.01363   0.01373   0.01365
Expected r^2 Sample =            0.01353   0.01362   0.01359
Estimated Ne^ =                   6466.6    6314.6   11415.1

95% CIs for Ne^
* Parametric                       566.6     753.2     903.7
                                Infinite  Infinite  Infinite

* JackKnife on Loci                515.4     610.5     639.6
                                Infinite  Infinite  Infinite

------------------------------------------------------------
Population 2[8]
---------------
Harmonic Mean Sample Size =         76.8      75.4      75.9
Independent Comparisons =          1266      2390      3301
OverAll r^2 =                    0.01318   0.01318   0.01378
Expected r^2 Sample =            0.01357   0.01383   0.01373
Estimated Ne^ =                  -1695.0   -1034.8   14649.1

95% CIs for Ne^
* Parametric                       955.3    4944.2     904.1
                                Infinite  Infinite  Infinite

* JackKnife on Loci                667.1    1923.3     613.3
                                Infinite  Infinite  Infinite

------------------------------------------------------------
Population 3[9]
---------------
Harmonic Mean Sample Size =         76.2      75.6      75.8
Independent Comparisons =          1423      2205      3156
OverAll r^2 =                    0.01355   0.01359   0.01424
Expected r^2 Sample =            0.01367   0.01378   0.01374
Estimated Ne^ =                  -5610.6   -3517.4    1327.2

95% CIs for Ne^
* Parametric                       710.5    1023.9     538.9
                                Infinite  Infinite  Infinite

* JackKnife on Loci                751.6     991.3     423.4
                                Infinite  Infinite  Infinite

------------------------------------------------------------
Population 4[10]
----------------
Harmonic Mean Sample Size =         77.1      76.9      77.2
Independent Comparisons =          1397      2468      3462
OverAll r^2 =                    0.01332   0.01319   0.01354
Expected r^2 Sample =            0.01351   0.01355   0.01349
Estimated Ne^ =                  -3554.3   -1865.4   11614.9

95% CIs for Ne^
* Parametric                       774.3    1623.4     924.8
                                Infinite  Infinite  Infinite

* JackKnife on Loci                567.1    1028.2     554.8
                                Infinite  Infinite  Infinite

------------------------------------------------------------
Population 5[11]
----------------
Harmonic Mean Sample Size =         77.3      77.3      77.6
Independent Comparisons =          1272      2426      3038
OverAll r^2 =                    0.01364   0.01312   0.01307
Expected r^2 Sample =            0.01346   0.01347   0.01342
Estimated Ne^ =                   3799.4   -1928.8   -1884.4

95% CIs for Ne^
* Parametric                       509.9    1567.1    2025.8
                                Infinite  Infinite  Infinite

* JackKnife on Loci                333.9    1092.7    1420.1
                                Infinite  Infinite  Infinite

------------------------------------------------------------
Population 6[13]
----------------
Harmonic Mean Sample Size =         78.1      78.0      78.4
Independent Comparisons =          1315      2424      3481
OverAll r^2 =                    0.01327   0.01342   0.01313
Expected r^2 Sample =            0.01333   0.01334   0.01327
Estimated Ne^ =                 -12297.9    7808.9   -4804.3

95% CIs for Ne^
* Parametric                       649.8     759.9    1329.5
                                Infinite  Infinite  Infinite

* JackKnife on Loci                510.6     636.6    1265.9
                                Infinite  Infinite  Infinite

------------------------------------------------------------
Population 7[14]
----------------
Harmonic Mean Sample Size =         79.1      79.1      79.1
Independent Comparisons =          1304      2494      3586
OverAll r^2 =                    0.01331   0.01322   0.01295
Expected r^2 Sample =            0.01315   0.01315   0.01315
Estimated Ne^ =                   3962.7   10095.2   -3261.3

95% CIs for Ne^
* Parametric                       529.7     798.9    1599.0
                                Infinite  Infinite  Infinite

* JackKnife on Loci                472.3     797.7    1468.9
                                Infinite  Infinite  Infinite

------------------------------------------------------------
Population 8[18]
----------------
Harmonic Mean Sample Size =         85.1      84.2      84.7
Independent Comparisons =          1207      2373      3551
OverAll r^2 =                    0.01304   0.01283   0.01291
Expected r^2 Sample =            0.01220   0.01233   0.01224
Estimated Ne^ =                    788.2    1351.0     999.8

95% CIs for Ne^
* Parametric                       339.3     528.6     515.2
                                Infinite  Infinite    7841.1

* JackKnife on Loci                296.7     456.8     411.0
                                Infinite  Infinite  Infinite

------------------------------------------------------------
Population 9[19]
----------------
Harmonic Mean Sample Size =         86.8      85.7      86.3
Independent Comparisons =          1287      2537      3872
OverAll r^2 =                    0.01212   0.01230   0.01253
Expected r^2 Sample =            0.01195   0.01210   0.01201
Estimated Ne^ =                   3764.5    3206.9    1299.1

95% CIs for Ne^
* Parametric                       566.6     726.8     609.2
                                Infinite  Infinite  Infinite

* JackKnife on Loci                490.3     559.2     499.2
                                Infinite  Infinite  Infinite

------------------------------------------------------------
Population 10[20]
-----------------
Harmonic Mean Sample Size =         87.1      86.4      86.7
Independent Comparisons =          1245      2458      3608
OverAll r^2 =                    0.01194   0.01205   0.01212
Expected r^2 Sample =            0.01190   0.01200   0.01196
Estimated Ne^ =                  15925.8   13338.9    4316.0

95% CIs for Ne^
* Parametric                       639.2     882.2     906.1
                                Infinite  Infinite  Infinite

* JackKnife on Loci                562.4     706.2     699.3
                                Infinite  Infinite  Infinite

------------------------------------------------------------
Population 11[22]
-----------------
Harmonic Mean Sample Size =         87.9      87.6      87.5
Independent Comparisons =          1287      2316      3855
OverAll r^2 =                    0.01145   0.01196   0.01206
Expected r^2 Sample =            0.01179   0.01184   0.01185
Estimated Ne^ =                  -1971.7    5487.6    3185.8

95% CIs for Ne^
* Parametric                      1107.5     789.8     867.6
                                Infinite  Infinite  Infinite

* JackKnife on Loci                946.8     704.5     567.4
                                Infinite  Infinite  Infinite

------------------------------------------------------------
Population 12[23]
-----------------
Harmonic Mean Sample Size =         75.6      75.3      75.4
Independent Comparisons =          1442      2260      3597
OverAll r^2 =                    0.01369   0.01358   0.01358
Expected r^2 Sample =            0.01379   0.01384   0.01382
Estimated Ne^ =                  -6331.3   -2552.8   -2883.0

95% CIs for Ne^
* Parametric                       698.1    1173.9    1588.9
                                Infinite  Infinite  Infinite

* JackKnife on Loci                559.8     897.2    1017.4
                                Infinite  Infinite  Infinite

