                   Output from the program

 Estimating Ne only, assuming a single isolated population (m==0)

**************** Likelihood estimates ***************
   PARAMETER      POINT_EST         +95%CI         -95%CI
          Ne     9.9998E+03  >  1.0000E+04     5.0521E+01

Relative profile log-likelihood as a function of Ne
              Ne          Log(L)
           50.52         -2.0000
           53.40         -1.8546
           59.56         -1.5985
           65.72         -1.4004
           73.93         -1.1869
           86.98         -0.9575
          103.09         -0.7692
          137.45         -0.5349
          205.59         -0.3294
          390.49         -0.1570
          741.67         -0.0761
         1565.20         -0.0320
         3346.06         -0.0116
         9999.84          0.0000

**************** Moment     estimates ***************

 Estimate of Ne INFINITE
 Ne<0 indicates an infinitely large estimate of Ne



 Program started:  Date(d/m/y)=13/04/2009,  Time(s/m/hr)=47/13/17
 Program finished: Date(d/m/y)=13/04/2009,  Time(s/m/hr)=24/17/17
