                   Output from the program

 Estimating Ne only, assuming a single isolated population (m==0)

**************** Likelihood estimates ***************
   PARAMETER      POINT_EST         +95%CI         -95%CI
          Ne     9.9993E+03  >  1.0000E+04     5.3654E+01

Relative profile log-likelihood as a function of Ne
              Ne          Log(L)
           53.65         -2.0000
           55.65         -1.8881
           61.33         -1.6157
           65.87         -1.4532
           72.69         -1.2640
           81.77         -1.0556
           96.92         -0.8296
          129.22         -0.5584
          173.95         -0.3749
          330.40         -0.1676
          627.54         -0.0783
         1207.38         -0.0363
         3011.30         -0.0112
         9999.33          0.0000

**************** Moment     estimates ***************

 Estimate of Ne INFINITE
 Ne<0 indicates an infinitely large estimate of Ne



 Program started:  Date(d/m/y)=13/04/2009,  Time(s/m/hr)=43/24/17
 Program finished: Date(d/m/y)=13/04/2009,  Time(s/m/hr)=08/28/17
