N. Loci =   13,   Max. Allele Designation =   99
Lowest allele frequencies used, in the order for each population:
        0.05000(CI)  0.02000(CI)  0.01000(CI)
(CI: Run Confidence Intervals)
NOTE: No results are shown for frequency that are not marked by CI
------------------------------------------------------------------------------------
 Pop  #Indep.    r^2     Exp(r^2)       Ne^                  CIs for Ne^
  #   Alleles             Sample                    Parametric        Jackknife Loci
------------------------------------------------------------------------------------
   1    1261   0.057351  0.059592     -277.9     243.8  Infinite     274.2  Infinite
        1660   0.060169  0.059426      828.6     120.1  Infinite     145.9  Infinite
        1660   0.060169  0.059426      828.6     120.1  Infinite     145.8  Infinite
   2    1211   0.057738  0.059443     -364.4     191.9  Infinite     177.8  Infinite
        1777   0.058550  0.059606     -587.7     204.3  Infinite     164.1  Infinite
        1777   0.058550  0.059606     -587.7     204.3  Infinite     164.1  Infinite
   3    1105   0.057581  0.060021     -255.4     228.5  Infinite     211.3  Infinite
        1990   0.060562  0.059811      821.4     129.4  Infinite     116.1  Infinite
        1990   0.060562  0.059811      821.4     129.4  Infinite     116.1  Infinite
   4    1258   0.061322  0.059223      292.3      83.8  Infinite      86.3  Infinite
        1875   0.058122  0.059058     -662.2     205.8  Infinite     257.9  Infinite
        1875   0.058122  0.059058     -662.2     205.8  Infinite     257.9  Infinite
   5    1192   0.059008  0.060778     -351.2     186.9  Infinite     228.5  Infinite
        1799   0.062595  0.060848      351.7     100.0  Infinite     104.2  Infinite
        1799   0.062595  0.060848      351.7     100.0  Infinite     104.2  Infinite
   6    1170   0.056158  0.059629     -180.2     447.9  Infinite     314.0  Infinite
        1719   0.058618  0.059933     -472.0     217.8  Infinite     215.0  Infinite
        1719   0.058618  0.059933     -472.0     217.8  Infinite     215.0  Infinite
   7    1028   0.056592  0.056999    -1519.2     126.0  Infinite     121.4  Infinite
        1941   0.054500  0.056326     -340.6     346.5  Infinite     416.9  Infinite
        1941   0.054500  0.056326     -340.6     346.5  Infinite     416.9  Infinite
   8    1021   0.059384  0.057463      319.5      81.0  Infinite      69.9  Infinite
        1820   0.054901  0.056978     -299.7     367.4  Infinite     361.2  Infinite
        1820   0.054901  0.056978     -299.7     367.4  Infinite     361.0  Infinite
   9    1354   0.061273  0.058917      260.2      83.1  Infinite      78.6  Infinite
        2009   0.059586  0.059124     1335.3     140.7  Infinite     134.1  Infinite
        2009   0.059586  0.059124     1335.3     140.7  Infinite     134.1  Infinite
  10    1503   0.061123  0.059996      546.2     105.4  Infinite      96.2  Infinite
        2132   0.058695  0.060311     -384.6     295.9  Infinite     285.4  Infinite
        2132   0.058695  0.060311     -384.6     295.9  Infinite     285.4  Infinite
  11    1026   0.074611  0.072285      263.6      64.8  Infinite      64.8  Infinite
        1818   0.071370  0.072209     -738.7     150.9  Infinite     200.2  Infinite
        1818   0.071370  0.072209     -738.7     150.9  Infinite     200.2  Infinite
  12    1284   0.063638  0.063008      978.0     103.4  Infinite      87.3  Infinite
        1866   0.063853  0.063084      801.1     119.7  Infinite     142.3  Infinite
        1866   0.063853  0.063084      801.1     119.7  Infinite     142.3  Infinite
  13    1162   0.065975  0.068165     -284.3     173.4  Infinite     159.1  Infinite
        1542   0.066840  0.068150     -474.1     166.2  Infinite     184.6  Infinite
        1542   0.066840  0.068150     -474.1     166.2  Infinite     184.6  Infinite
  14    1040   0.035317  0.034249      621.7     151.9  Infinite     134.4  Infinite
        1549   0.036376  0.034347      325.8     138.1  Infinite     132.9  Infinite
        2489   0.037968  0.034690      200.7     118.9     529.2     103.7    1091.7
  15    1297   0.061594  0.063650     -302.6     205.7  Infinite     226.1  Infinite
        2280   0.062352  0.063727     -451.6     254.4  Infinite     381.0  Infinite
        2280   0.062352  0.063727     -451.6     254.4  Infinite     380.9  Infinite
  16    1066   0.060570  0.058952      379.8      84.8  Infinite      84.3  Infinite
        1761   0.059290  0.059124     3721.3     142.0  Infinite     152.3  Infinite
        1761   0.059290  0.059124     3721.3     142.0  Infinite     152.3  Infinite
  17    1294   0.059594  0.060834     -500.5     168.0  Infinite     184.7  Infinite
        1700   0.059605  0.060734     -549.5     197.8  Infinite     270.8  Infinite
        1700   0.059605  0.060734     -549.5     197.8  Infinite     270.8  Infinite
  18    1203   0.059580  0.061249     -372.4     179.9  Infinite     165.9  Infinite
        2024   0.059349  0.061425     -299.9     349.4  Infinite     316.7  Infinite
        2024   0.059349  0.061425     -299.9     349.4  Infinite     316.7  Infinite
