                   Output from the program

 Estimating Ne only, assuming a single isolated population (m==0)

**************** Likelihood estimates ***************
   PARAMETER      POINT_EST         +95%CI         -95%CI
          Ne     9.9994E+03  >  1.0000E+04     2.2892E+01

Relative profile log-likelihood as a function of Ne
              Ne          Log(L)
           22.89         -2.0000
           23.82         -1.8960
           25.82         -1.7004
           29.14         -1.4691
           33.12         -1.2398
           37.09         -1.0699
           42.39         -0.8981
           57.07         -0.6268
           87.79         -0.3768
          168.92         -0.1819
          374.30         -0.0770
          800.17         -0.0338
         2032.64         -0.0114
         9999.42          0.0000

**************** Moment     estimates ***************

 Estimate of Ne INFINITE
 Ne<0 indicates an infinitely large estimate of Ne



 Program started:  Date(d/m/y)=13/04/2009,  Time(s/m/hr)=07/50/16
 Program finished: Date(d/m/y)=13/04/2009,  Time(s/m/hr)=37/53/16
