1 -2.519181e+002 2328.660802 2328.660802 
2 -2.519401e+002 1983.813567 1983.813567 
3 -2.518716e+002 1851.849372 1851.849372 
4 -2.519204e+002 2425.452701 2425.452701 
5 -2.519205e+002 9165.766005 9165.766005 
6 -2.519145e+002 4851.554979 4851.554979 
7 -2.519081e+002 7339.557173 7339.557173 
8 -2.519217e+002 5303.718158 5303.718158 
9 -2.519320e+002 3623.995782 3623.995782 
10 -2.519226e+002 6907.862864 6907.862864 
11 -2.518665e+002 3071.010558 3071.010558 
12 -2.519464e+002 2497.132337 2497.132337 
13 -2.519000e+002 3590.064228 3590.064228 
14 -2.519420e+002 4615.523728 4615.523728 
15 -2.519153e+002 3917.191142 3917.191142 
16 -2.519665e+002 1819.986801 1819.986801 
17 -2.518856e+002 2421.232443 2421.232443 
18 -2.518969e+002 5336.024705 5336.024705 
19 -2.518299e+002 400.534648 400.534648 
20 -2.518581e+002 1908.885814 1908.885814 
21 -2.519367e+002 7864.478805 7864.478805 
22 -2.519141e+002 4914.779944 4914.779944 
23 -2.519236e+002 9377.272316 9377.272316 
24 -2.519105e+002 7897.075370 7897.075370 
25 -2.518974e+002 7771.057379 7771.057379 
26 -2.518937e+002 2909.136749 2909.136749 
27 -2.519071e+002 3430.606932 3430.606932 
28 -2.518950e+002 3046.315147 3046.315147 
29 -2.519385e+002 3547.092752 3547.092752 
30 -2.519010e+002 4619.441011 4619.441011 
31 -2.517136e+002 168.481027 168.481027 
32 -2.518886e+002 756.124565 756.124565 
33 -2.519252e+002 6993.795520 6993.795520 
34 -2.519281e+002 3973.148557 3973.148557 
35 -2.519143e+002 7138.545136 7138.545136 
36 -2.519253e+002 2560.117447 2560.117447 
37 -2.519279e+002 7826.101011 7826.101011 
38 -2.518989e+002 8963.440355 8963.440355 
39 -2.519365e+002 2842.900645 2842.900645 
40 -2.519179e+002 9884.448320 9884.448320 
41 -2.519179e+002 9884.448320 9884.448320 
42 -2.519010e+002 3824.960384 3824.960384 
43 -2.519354e+002 5999.015504 5999.015504 
44 -2.519320e+002 5096.988848 5096.988848 
45 -2.518768e+002 3399.129488 3399.129488 
46 -2.519285e+002 3371.848377 3371.848377 
47 -2.518946e+002 1455.741363 1455.741363 
48 -2.519113e+002 4745.124266 4745.124266 
49 -2.519365e+002 2845.713823 2845.713823 
50 -2.519406e+002 5836.970214 5836.970214 
51 -2.519249e+002 5829.563265 5829.563265 
52 -2.519023e+002 5195.262903 5195.262903 
53 -2.518487e+002 1206.798242 1206.798242 
54 -2.519214e+002 7679.144313 7679.144313 
55 -2.519219e+002 9904.422919 9904.422919 
56 -2.519262e+002 8007.278244 8007.278244 
57 -2.518048e+002 642.352968 642.352968 
58 -2.518835e+002 4965.025550 4965.025550 
59 -2.518878e+002 2484.533689 2484.533689 
60 -2.519156e+002 7032.900090 7032.900090 
61 -2.519319e+002 4807.345547 4807.345547 
62 -2.517523e+002 361.937186 361.937186 
63 -2.516339e+002 94.284251 94.284251 
64 -2.518792e+002 1241.051445 1241.051445 
65 -2.519201e+002 7047.044386 7047.044386 
66 -2.519311e+002 9784.109123 9784.109123 
67 -2.519266e+002 5328.264688 5328.264688 
68 -2.519453e+002 8336.675340 8336.675340 
69 -2.519204e+002 4288.518776 4288.518776 
70 -2.519335e+002 4808.462037 4808.462037 
71 -2.519078e+002 8522.106814 8522.106814 
72 -2.519182e+002 8587.251827 8587.251827 
73 -2.518475e+002 1724.841305 1724.841305 
74 -2.519100e+002 8696.519975 8696.519975 
75 -2.519179e+002 4413.861795 4413.861795 
76 -2.519064e+002 9400.212698 9400.212698 
77 -2.519118e+002 7381.332367 7381.332367 
78 -2.519157e+002 5658.684747 5658.684747 
79 -2.519141e+002 6061.240781 6061.240781 
80 -2.519276e+002 6608.787137 6608.787137 
81 -2.519095e+002 7929.315772 7929.315772 
82 -2.519398e+002 9706.902211 9706.902211 
83 -2.518936e+002 3351.765030 3351.765030 
84 -2.519252e+002 5920.681451 5920.681451 
85 -2.519232e+002 9564.465404 9564.465404 
86 -2.519179e+002 6946.609606 6946.609606 
87 -2.519050e+002 6621.275055 6621.275055 
88 -2.519233e+002 6227.973316 6227.973316 
89 -2.519311e+002 9287.844842 9287.844842 
90 -2.519172e+002 9930.068892 9930.068892 
91 -2.518976e+002 4019.235598 4019.235598 
92 -2.519162e+002 7302.082462 7302.082462 
93 -2.519120e+002 5510.769100 5510.769100 
94 -2.519157e+002 8293.103331 8293.103331 
95 -2.519233e+002 5286.395391 5286.395391 
96 -2.518961e+002 1779.047942 1779.047942 
97 -2.518910e+002 1869.107048 1869.107048 
98 -2.518877e+002 1167.276548 1167.276548 
99 -2.518732e+002 1715.515673 1715.515673 
100 -2.519253e+002 6178.905042 6178.905042 
101 -2.519015e+002 3265.258286 3265.258286 
102 -2.519222e+002 7569.323877 7569.323877 
103 -2.519255e+002 7322.487705 7322.487705 
104 -2.519518e+002 7919.789893 7919.789893 
105 -2.519278e+002 7374.872108 7374.872108 
106 -2.519318e+002 6306.938004 6306.938004 
107 -2.518973e+002 3197.347928 3197.347928 
108 -2.519220e+002 8012.672684 8012.672684 
109 -2.519113e+002 8346.184406 8346.184406 
110 -2.519216e+002 3946.472389 3946.472389 
111 -2.519197e+002 4458.715895 4458.715895 
112 -2.519147e+002 2066.335366 2066.335366 
113 -2.518314e+002 613.575047 613.575047 
114 -2.518959e+002 1241.397106 1241.397106 
115 -2.519246e+002 6437.097091 6437.097091 
116 -2.519368e+002 5943.315444 5943.315444 
117 -2.519061e+002 3002.110283 3002.110283 
118 -2.519220e+002 9505.719004 9505.719004 
119 -2.519012e+002 5734.739708 5734.739708 
120 -2.519133e+002 8835.027080 8835.027080 
121 -2.518832e+002 2760.156438 2760.156438 
122 -2.519039e+002 5252.316418 5252.316418 
123 -2.519284e+002 6675.026360 6675.026360 
124 -2.519026e+002 5272.339622 5272.339622 
125 -2.519308e+002 4458.490576 4458.490576 
126 -2.518999e+002 3712.437124 3712.437124 
127 -2.519261e+002 3443.350224 3443.350224 
128 -2.519278e+002 6025.573924 6025.573924 
129 -2.519168e+002 8616.425827 8616.425827 
130 -2.519315e+002 8228.409665 8228.409665 
131 -2.519093e+002 6951.925293 6951.925293 
132 -2.519158e+002 4448.079734 4448.079734 
133 -2.519323e+002 6969.291265 6969.291265 
134 -2.519289e+002 3536.719610 3536.719610 
135 -2.519147e+002 8333.994431 8333.994431 
136 -2.519085e+002 8729.953003 8729.953003 
137 -2.519119e+002 4796.030200 4796.030200 
138 -2.519085e+002 5479.925272 5479.925272 
139 -2.519053e+002 8941.026723 8941.026723 
140 -2.519143e+002 5118.176929 5118.176929 
141 -2.519152e+002 5657.112063 5657.112063 
142 -2.519206e+002 7921.797550 7921.797550 
143 -2.519154e+002 7533.002711 7533.002711 
144 -2.518977e+002 2758.963476 2758.963476 
145 -2.519240e+002 9718.498661 9718.498661 
146 -2.519120e+002 5806.406329 5806.406329 
147 -2.519321e+002 8402.647206 8402.647206 
148 -2.518974e+002 8511.281291 8511.281291 
149 -2.518853e+002 6002.795554 6002.795554 
150 -2.519508e+002 7435.116702 7435.116702 
151 -2.519298e+002 4030.764301 4030.764301 
152 -2.518946e+002 1478.144991 1478.144991 
153 -2.517377e+002 252.716579 252.716579 
154 -2.517775e+002 293.393175 293.393175 
155 -2.513998e+002 40.133259 40.133259 
156 -2.513030e+002 50.657504 50.657504 
157 -2.513142e+002 32.738979 32.738979 
158 -2.517938e+002 272.928566 272.928566 
159 -2.518428e+002 321.901601 321.901601 
160 -2.518961e+002 2256.758242 2256.758242 
161 -2.518866e+002 1983.538500 1983.538500 
162 -2.518813e+002 2829.900870 2829.900870 
163 -2.518311e+002 773.463225 773.463225 
164 -2.518887e+002 1624.068228 1624.068228 
165 -2.519179e+002 7087.770471 7087.770471 
166 -2.519030e+002 6593.448954 6593.448954 
167 -2.518998e+002 1391.699268 1391.699268 
168 -2.519241e+002 2538.819803 2538.819803 
169 -2.519192e+002 7652.961116 7652.961116 
170 -2.519278e+002 7339.467641 7339.467641 
171 -2.518958e+002 6245.434653 6245.434653 
172 -2.519463e+002 4140.776645 4140.776645 
173 -2.518592e+002 894.786992 894.786992 
174 -2.517955e+002 250.485017 250.485017 
175 -2.514259e+002 45.499272 45.499272 
176 -2.516204e+002 204.607199 204.607199 
177 -2.517136e+002 199.421953 199.421953 
178 -2.511125e+002 36.228431 36.228431 
179 -2.514561e+002 99.632979 99.632979 
180 -2.516022e+002 107.825405 107.825405 
181 -2.514376e+002 79.791582 79.791582 
182 -2.517513e+002 189.496027 189.496027 
183 -2.518251e+002 831.608299 831.608299 
184 -2.519338e+002 2197.022934 2197.022934 
185 -2.519266e+002 9662.475027 9662.475027 
186 -2.519165e+002 5454.877719 5454.877719 
187 -2.519131e+002 6422.991845 6422.991845 
188 -2.519448e+002 7724.871675 7724.871675 
189 -2.519243e+002 4012.653315 4012.653315 
190 -2.519050e+002 3703.463988 3703.463988 
191 -2.519253e+002 2262.011556 2262.011556 
192 -2.519304e+002 2428.115919 2428.115919 
193 -2.519422e+002 9968.583479 9968.583479 
194 -2.519183e+002 7701.307303 7701.307303 
195 -2.519191e+002 9919.569020 9919.569020 
196 -2.519304e+002 9571.589743 9571.589743 
197 -2.519075e+002 9719.743674 9719.743674 
198 -2.519343e+002 9272.970441 9272.970441 
199 -2.519257e+002 6981.636635 6981.636635 
200 -2.519393e+002 9633.127168 9633.127168 
201 -2.519249e+002 4750.135857 4750.135857 
202 -2.519248e+002 9579.334341 9579.334341 
203 -2.519157e+002 3703.900900 3703.900900 
204 -2.519168e+002 7662.521199 7662.521199 
205 -2.519255e+002 7474.394761 7474.394761 
206 -2.519098e+002 6512.234082 6512.234082 
207 -2.518928e+002 6172.846969 6172.846969 
208 -2.519277e+002 9784.359615 9784.359615 
209 -2.519138e+002 6862.491386 6862.491386 
210 -2.519290e+002 8982.831289 8982.831289 
211 -2.519344e+002 4599.302266 4599.302266 
212 -2.519283e+002 2306.492436 2306.492436 
213 -2.519134e+002 9784.195329 9784.195329 
214 -2.519331e+002 8105.358172 8105.358172 
215 -2.518800e+002 1577.271416 1577.271416 
216 -2.519043e+002 6103.268547 6103.268547 
217 -2.519173e+002 2881.566524 2881.566524 
218 -2.519117e+002 4313.560411 4313.560411 
219 -2.519245e+002 9060.234353 9060.234353 
220 -2.518917e+002 6102.052897 6102.052897 
221 -2.519172e+002 7257.167848 7257.167848 
222 -2.519148e+002 7064.911784 7064.911784 
223 -2.519085e+002 5571.107393 5571.107393 
224 -2.519243e+002 5470.938519 5470.938519 
225 -2.519337e+002 3429.100139 3429.100139 
226 -2.519125e+002 6592.644720 6592.644720 
227 -2.518600e+002 1480.714989 1480.714989 
228 -2.519291e+002 2620.638630 2620.638630 
229 -2.519099e+002 5229.124428 5229.124428 
230 -2.519417e+002 6198.595509 6198.595509 
231 -2.519352e+002 8095.078023 8095.078023 
232 -2.518857e+002 3658.685118 3658.685118 
233 -2.519217e+002 1689.370061 1689.370061 
234 -2.519290e+002 5099.557078 5099.557078 
235 -2.519120e+002 7602.092750 7602.092750 
236 -2.519307e+002 9146.662096 9146.662096 
237 -2.519044e+002 8775.149008 8775.149008 
238 -2.519096e+002 9403.790070 9403.790070 
239 -2.519052e+002 4686.297580 4686.297580 
240 -2.519255e+002 6197.878335 6197.878335 
241 -2.518995e+002 1317.476254 1317.476254 
242 -2.519154e+002 1566.366289 1566.366289 
243 -2.519201e+002 9655.137602 9655.137602 
244 -2.519114e+002 4068.430162 4068.430162 
245 -2.518343e+002 825.588260 825.588260 
246 -2.519236e+002 6131.855786 6131.855786 
247 -2.519123e+002 4238.710886 4238.710886 
248 -2.519237e+002 9192.864078 9192.864078 
249 -2.519259e+002 7354.208799 7354.208799 
250 -2.519035e+002 2648.625164 2648.625164 
251 -2.519253e+002 6652.992467 6652.992467 
252 -2.519217e+002 7231.139779 7231.139779 
253 -2.519143e+002 7471.048340 7471.048340 
254 -2.519111e+002 2631.728665 2631.728665 
255 -2.519095e+002 2410.791165 2410.791165 
256 -2.519338e+002 3435.035680 3435.035680 
257 -2.518790e+002 609.080620 609.080620 
258 -2.519155e+002 8803.394183 8803.394183 
259 -2.519129e+002 7258.147021 7258.147021 
260 -2.519192e+002 8475.537010 8475.537010 
261 -2.519243e+002 5900.200229 5900.200229 
262 -2.519426e+002 2165.705682 2165.705682 
263 -2.519145e+002 2908.737795 2908.737795 
264 -2.518602e+002 751.899545 751.899545 
265 -2.518677e+002 2489.388543 2489.388543 
266 -2.519188e+002 1349.877851 1349.877851 
267 -2.519347e+002 2326.058608 2326.058608 
268 -2.519061e+002 2892.500147 2892.500147 
269 -2.519201e+002 8197.288701 8197.288701 
270 -2.518941e+002 5212.631457 5212.631457 
271 -2.519339e+002 4464.681863 4464.681863 
272 -2.519290e+002 3562.776383 3562.776383 
273 -2.519126e+002 4017.090868 4017.090868 
274 -2.519193e+002 3439.213869 3439.213869 
275 -2.519180e+002 7829.975878 7829.975878 
276 -2.518938e+002 4338.726184 4338.726184 
277 -2.519007e+002 4877.127946 4877.127946 
278 -2.518978e+002 5916.773577 5916.773577 
279 -2.518992e+002 7863.367286 7863.367286 
280 -2.519269e+002 8959.174263 8959.174263 
281 -2.519378e+002 8898.156542 8898.156542 
282 -2.519160e+002 3437.761807 3437.761807 
283 -2.519279e+002 6244.814573 6244.814573 
284 -2.519136e+002 8421.278669 8421.278669 
285 -2.519226e+002 8397.470986 8397.470986 
286 -2.519268e+002 5884.464721 5884.464721 
287 -2.519270e+002 6428.895237 6428.895237 
288 -2.519056e+002 9343.011454 9343.011454 
289 -2.519194e+002 3905.743907 3905.743907 
290 -2.518815e+002 1794.657332 1794.657332 
291 -2.519296e+002 7175.610311 7175.610311 
292 -2.519385e+002 8696.131721 8696.131721 
293 -2.519291e+002 7027.220802 7027.220802 
294 -2.519047e+002 6731.139054 6731.139054 
295 -2.519097e+002 4276.988338 4276.988338 
296 -2.519312e+002 8700.765993 8700.765993 
297 -2.519119e+002 7637.979918 7637.979918 
298 -2.519164e+002 9401.004808 9401.004808 
299 -2.519292e+002 9393.865677 9393.865677 
300 -2.519307e+002 4972.862624 4972.862624 
301 -2.519129e+002 6947.439835 6947.439835 
302 -2.519261e+002 8301.492141 8301.492141 
303 -2.519129e+002 4671.938740 4671.938740 
304 -2.519327e+002 9856.839152 9856.839152 
305 -2.519285e+002 4108.606918 4108.606918 
306 -2.519368e+002 4017.766269 4017.766269 
307 -2.518915e+002 1797.926795 1797.926795 
308 -2.519219e+002 7503.637096 7503.637096 
309 -2.519318e+002 7890.599244 7890.599244 
310 -2.519136e+002 7038.970131 7038.970131 
311 -2.518865e+002 2919.710065 2919.710065 
312 -2.519135e+002 6804.158288 6804.158288 
313 -2.519140e+002 9993.588530 9993.588530 
314 -2.519268e+002 5754.524519 5754.524519 
315 -2.519259e+002 7569.773272 7569.773272 
316 -2.518856e+002 3387.716830 3387.716830 
317 -2.519256e+002 6062.663279 6062.663279 
318 -2.519042e+002 6697.819456 6697.819456 
319 -2.519136e+002 1372.351411 1372.351411 
320 -2.518694e+002 978.856060 978.856060 
321 -2.519120e+002 2979.047756 2979.047756 
322 -2.518995e+002 7175.304154 7175.304154 
323 -2.519165e+002 6534.336224 6534.336224 
324 -2.519245e+002 4198.512138 4198.512138 
325 -2.519249e+002 5314.964890 5314.964890 
326 -2.519118e+002 7600.517554 7600.517554 
327 -2.519135e+002 8135.632165 8135.632165 
328 -2.519307e+002 9691.680224 9691.680224 
329 -2.519214e+002 7527.390975 7527.390975 
330 -2.519298e+002 3412.291553 3412.291553 
331 -2.519108e+002 6901.739719 6901.739719 
332 -2.519159e+002 9394.416117 9394.416117 
333 -2.519198e+002 4666.587624 4666.587624 
334 -2.519228e+002 4346.151626 4346.151626 
335 -2.518519e+002 491.893711 491.893711 
336 -2.518114e+002 637.693425 637.693425 
337 -2.518928e+002 1260.620112 1260.620112 
338 -2.519037e+002 1462.160692 1462.160692 
339 -2.519249e+002 3346.866547 3346.866547 
340 -2.518970e+002 9779.915241 9779.915241 
341 -2.519212e+002 8299.408235 8299.408235 
342 -2.518589e+002 1783.808500 1783.808500 
343 -2.519042e+002 2257.471596 2257.471596 
344 -2.519289e+002 8603.221530 8603.221530 
345 -2.519183e+002 9502.624673 9502.624673 
346 -2.519085e+002 6146.634672 6146.634672 
347 -2.519227e+002 9973.616857 9973.616857 
348 -2.519363e+002 5801.974570 5801.974570 
349 -2.519324e+002 8352.217518 8352.217518 
350 -2.519091e+002 3690.357336 3690.357336 
351 -2.518977e+002 3281.624405 3281.624405 
352 -2.518843e+002 931.149190 931.149190 
353 -2.519030e+002 2172.521118 2172.521118 
354 -2.519103e+002 4914.261477 4914.261477 
355 -2.519097e+002 6726.108184 6726.108184 
356 -2.519172e+002 7748.296848 7748.296848 
357 -2.519146e+002 8349.519867 8349.519867 
358 -2.519038e+002 2938.510172 2938.510172 
359 -2.519025e+002 7723.691673 7723.691673 
360 -2.518864e+002 3777.734522 3777.734522 
361 -2.519164e+002 6544.768003 6544.768003 
362 -2.519065e+002 1062.792284 1062.792284 
363 -2.519199e+002 3213.846781 3213.846781 
364 -2.519155e+002 6586.910498 6586.910498 
365 -2.519435e+002 6269.908042 6269.908042 
366 -2.518900e+002 1662.909318 1662.909318 
367 -2.519218e+002 3479.972205 3479.972205 
368 -2.519162e+002 7558.005962 7558.005962 
369 -2.519152e+002 5851.899721 5851.899721 
370 -2.519368e+002 4436.829438 4436.829438 
371 -2.519176e+002 1750.583601 1750.583601 
372 -2.519270e+002 8747.061543 8747.061543 
373 -2.519053e+002 4490.738298 4490.738298 
374 -2.518577e+002 981.807514 981.807514 
375 -2.516256e+002 145.364937 145.364937 
376 -2.518960e+002 494.487637 494.487637 
377 -2.519330e+002 4451.133562 4451.133562 
378 -2.519225e+002 8724.187168 8724.187168 
379 -2.519245e+002 7532.256719 7532.256719 
380 -2.518983e+002 3310.797306 3310.797306 
381 -2.519165e+002 7742.854591 7742.854591 
382 -2.518690e+002 1920.389804 1920.389804 
383 -2.519180e+002 2119.473625 2119.473625 
384 -2.519168e+002 2390.170714 2390.170714 
385 -2.519067e+002 4880.653228 4880.653228 
386 -2.519172e+002 5294.773281 5294.773281 
387 -2.519197e+002 4493.378390 4493.378390 
388 -2.519087e+002 5847.033932 5847.033932 
389 -2.519203e+002 1492.016122 1492.016122 
390 -2.518899e+002 2292.267715 2292.267715 
391 -2.519020e+002 3328.486379 3328.486379 
392 -2.519268e+002 8546.258902 8546.258902 
393 -2.519345e+002 9493.265346 9493.265346 
394 -2.519193e+002 8386.915538 8386.915538 
395 -2.519114e+002 4812.792611 4812.792611 
396 -2.518903e+002 3440.156894 3440.156894 
397 -2.519156e+002 8723.986657 8723.986657 
398 -2.519181e+002 6409.002278 6409.002278 
399 -2.519207e+002 7511.280763 7511.280763 
400 -2.519096e+002 4061.014365 4061.014365 
401 -2.519134e+002 7972.791035 7972.791035 
402 -2.518344e+002 1366.739845 1366.739845 
403 -2.519561e+002 3271.171287 3271.171287 
404 -2.519175e+002 7817.567777 7817.567777 
405 -2.518993e+002 2311.160008 2311.160008 
406 -2.519231e+002 7788.356899 7788.356899 
407 -2.519169e+002 5945.429542 5945.429542 
408 -2.519209e+002 6168.033020 6168.033020 
409 -2.519317e+002 3903.240350 3903.240350 
410 -2.519228e+002 3908.869987 3908.869987 
411 -2.519144e+002 2035.679240 2035.679240 
412 -2.518697e+002 1732.942757 1732.942757 
413 -2.518611e+002 1558.357683 1558.357683 
414 -2.519288e+002 9137.272217 9137.272217 
415 -2.518872e+002 2932.508067 2932.508067 
416 -2.519057e+002 5900.007129 5900.007129 
417 -2.519237e+002 2618.287936 2618.287936 
418 -2.519223e+002 9800.261613 9800.261613 
419 -2.518810e+002 3209.000622 3209.000622 
420 -2.519350e+002 7548.968084 7548.968084 
421 -2.519317e+002 4195.188553 4195.188553 
422 -2.519132e+002 8682.829720 8682.829720 
423 -2.519084e+002 2654.589633 2654.589633 
424 -2.519336e+002 8845.898339 8845.898339 
425 -2.519024e+002 8287.407817 8287.407817 
426 -2.519276e+002 6474.759481 6474.759481 
427 -2.519087e+002 7674.911279 7674.911279 
428 -2.519004e+002 2600.687975 2600.687975 
429 -2.519090e+002 1856.808173 1856.808173 
430 -2.516674e+002 253.184747 253.184747 
431 -2.518325e+002 549.287574 549.287574 
432 -2.519193e+002 1179.790331 1179.790331 
433 -2.518695e+002 1103.294864 1103.294864 
434 -2.518967e+002 1912.435072 1912.435072 
435 -2.517994e+002 937.168795 937.168795 
436 -2.519331e+002 6213.514527 6213.514527 
437 -2.518997e+002 2881.592123 2881.592123 
438 -2.519420e+002 1909.572497 1909.572497 
439 -2.519145e+002 1621.471282 1621.471282 
440 -2.519025e+002 2507.196243 2507.196243 
441 -2.519145e+002 6982.200175 6982.200175 
442 -2.519398e+002 3920.975776 3920.975776 
443 -2.519321e+002 5886.718993 5886.718993 
444 -2.519187e+002 7805.435481 7805.435481 
445 -2.519248e+002 8462.102110 8462.102110 
446 -2.519339e+002 9324.559327 9324.559327 
447 -2.519178e+002 9742.007766 9742.007766 
448 -2.518951e+002 5059.582027 5059.582027 
449 -2.519090e+002 6618.435682 6618.435682 
450 -2.519142e+002 3080.198917 3080.198917 
451 -2.519217e+002 8393.322292 8393.322292 
452 -2.518920e+002 5740.862054 5740.862054 
453 -2.519248e+002 7620.286698 7620.286698 
454 -2.519457e+002 2089.836438 2089.836438 
455 -2.519305e+002 8279.644187 8279.644187 
456 -2.519352e+002 4867.016542 4867.016542 
457 -2.519525e+002 4983.870356 4983.870356 
458 -2.519296e+002 4854.172692 4854.172692 
459 -2.519393e+002 8005.559882 8005.559882 
460 -2.518974e+002 9563.262710 9563.262710 
461 -2.519040e+002 4500.811091 4500.811091 
462 -2.519013e+002 1669.824620 1669.824620 
463 -2.519295e+002 8764.521440 8764.521440 
464 -2.519254e+002 4311.187120 4311.187120 
465 -2.519200e+002 5665.214403 5665.214403 
466 -2.518703e+002 1068.099449 1068.099449 
467 -2.519139e+002 1605.050952 1605.050952 
468 -2.516738e+002 300.932422 300.932422 
469 -2.519383e+002 3970.719662 3970.719662 
470 -2.519276e+002 2444.738874 2444.738874 
471 -2.519168e+002 4398.899081 4398.899081 
472 -2.518462e+002 932.128846 932.128846 
473 -2.518241e+002 476.060391 476.060391 
474 -2.516995e+002 331.040072 331.040072 
475 -2.518269e+002 626.031932 626.031932 
476 -2.518316e+002 244.340745 244.340745 
477 -2.518809e+002 1329.812550 1329.812550 
478 -2.519153e+002 6181.259336 6181.259336 
479 -2.519419e+002 6665.550133 6665.550133 
480 -2.519231e+002 9971.061870 9971.061870 
481 -2.518857e+002 4686.113742 4686.113742 
482 -2.518608e+002 975.773289 975.773289 
483 -2.518889e+002 7118.650972 7118.650972 
484 -2.519250e+002 4092.169535 4092.169535 
485 -2.519165e+002 8928.596865 8928.596865 
486 -2.519368e+002 5962.821540 5962.821540 
487 -2.519097e+002 1763.994968 1763.994968 
488 -2.519122e+002 5834.288843 5834.288843 
489 -2.519067e+002 3935.624031 3935.624031 
490 -2.518773e+002 2074.765675 2074.765675 
491 -2.519083e+002 2274.038564 2274.038564 
492 -2.519144e+002 4530.247152 4530.247152 
493 -2.519094e+002 5270.931785 5270.931785 
494 -2.519134e+002 9482.592264 9482.592264 
495 -2.519193e+002 9817.624675 9817.624675 
496 -2.519374e+002 2374.586992 2374.586992 
497 -2.519287e+002 8763.878381 8763.878381 
498 -2.519427e+002 7947.209931 7947.209931 
499 -2.519204e+002 2338.235087 2338.235087 
500 -2.519198e+002 9009.639137 9009.639137 
501 -2.519212e+002 9635.060269 9635.060269 
502 -2.519184e+002 4716.888474 4716.888474 
503 -2.519162e+002 8431.938713 8431.938713 
504 -2.519340e+002 9307.078927 9307.078927 
505 -2.519049e+002 8323.686747 8323.686747 
506 -2.519356e+002 4365.835340 4365.835340 
507 -2.519150e+002 5067.943671 5067.943671 
508 -2.519140e+002 8707.093603 8707.093603 
509 -2.519121e+002 8576.468342 8576.468342 
510 -2.518627e+002 2116.271251 2116.271251 
511 -2.519321e+002 8718.764956 8718.764956 
512 -2.519175e+002 3100.797131 3100.797131 
513 -2.519146e+002 3095.107291 3095.107291 
514 -2.519336e+002 1658.901831 1658.901831 
515 -2.518913e+002 2704.813458 2704.813458 
516 -2.519306e+002 8062.167907 8062.167907 
517 -2.519096e+002 4114.040476 4114.040476 
518 -2.518664e+002 1106.977814 1106.977814 
519 -2.518977e+002 5262.510977 5262.510977 
520 -2.519364e+002 8715.638784 8715.638784 
521 -2.519301e+002 9701.918730 9701.918730 
522 -2.519211e+002 4454.787464 4454.787464 
523 -2.519120e+002 5927.885982 5927.885982 
524 -2.519233e+002 7103.478791 7103.478791 
525 -2.519315e+002 6787.427687 6787.427687 
526 -2.519138e+002 3784.745864 3784.745864 
527 -2.519152e+002 7747.408594 7747.408594 
528 -2.519168e+002 5181.433782 5181.433782 
529 -2.518611e+002 547.495375 547.495375 
530 -2.519589e+002 1534.139232 1534.139232 
531 -2.519008e+002 1309.983137 1309.983137 
532 -2.519039e+002 1858.044160 1858.044160 
533 -2.519228e+002 6048.371999 6048.371999 
534 -2.519155e+002 4206.263104 4206.263104 
535 -2.519350e+002 5254.100157 5254.100157 
536 -2.519344e+002 8621.230687 8621.230687 
537 -2.518952e+002 3423.777011 3423.777011 
538 -2.519183e+002 5529.848730 5529.848730 
539 -2.519214e+002 3782.510084 3782.510084 
540 -2.519050e+002 1532.602791 1532.602791 
541 -2.519194e+002 4208.231237 4208.231237 
542 -2.518762e+002 1389.056598 1389.056598 
543 -2.518622e+002 1020.116588 1020.116588 
544 -2.518160e+002 440.558991 440.558991 
545 -2.519079e+002 3671.888045 3671.888045 
546 -2.519118e+002 9658.294785 9658.294785 
547 -2.518802e+002 6596.995607 6596.995607 
548 -2.519187e+002 7098.538050 7098.538050 
549 -2.519195e+002 8597.308087 8597.308087 
550 -2.519085e+002 943.757128 943.757128 
551 -2.519201e+002 3591.326671 3591.326671 
552 -2.519300e+002 1219.557812 1219.557812 
553 -2.519057e+002 6201.676234 6201.676234 
554 -2.519057e+002 1734.722367 1734.722367 
555 -2.519169e+002 8856.929002 8856.929002 
556 -2.519345e+002 8773.861258 8773.861258 
557 -2.519248e+002 6264.564452 6264.564452 
558 -2.518910e+002 3197.176777 3197.176777 
559 -2.519026e+002 2918.238105 2918.238105 
560 -2.519313e+002 7717.759666 7717.759666 
561 -2.519133e+002 6056.181779 6056.181779 
562 -2.518911e+002 4759.418021 4759.418021 
563 -2.518989e+002 2114.599651 2114.599651 
564 -2.519143e+002 7591.728343 7591.728343 
565 -2.519037e+002 3993.341116 3993.341116 
566 -2.518850e+002 2301.035579 2301.035579 
567 -2.519172e+002 3868.041479 3868.041479 
568 -2.519127e+002 9684.131804 9684.131804 
569 -2.518994e+002 2185.264635 2185.264635 
570 -2.519043e+002 8830.826415 8830.826415 
571 -2.519221e+002 7451.535425 7451.535425 
572 -2.518691e+002 3304.187224 3304.187224 
573 -2.519247e+002 4436.584282 4436.584282 
574 -2.519129e+002 7467.701579 7467.701579 
575 -2.518815e+002 2084.159359 2084.159359 
576 -2.519222e+002 6437.158193 6437.158193 
577 -2.519265e+002 8469.749058 8469.749058 
578 -2.519261e+002 8986.931250 8986.931250 
579 -2.519258e+002 8145.862190 8145.862190 
580 -2.518635e+002 1140.819388 1140.819388 
581 -2.519302e+002 2645.364033 2645.364033 
582 -2.519114e+002 2691.674700 2691.674700 
583 -2.519350e+002 7056.510340 7056.510340 
584 -2.518870e+002 1482.582889 1482.582889 
585 -2.519300e+002 7102.244394 7102.244394 
586 -2.519454e+002 2664.796744 2664.796744 
587 -2.519230e+002 8300.177609 8300.177609 
588 -2.519122e+002 2357.995948 2357.995948 
589 -2.519209e+002 5304.984559 5304.984559 
590 -2.518993e+002 1419.881048 1419.881048 
591 -2.518829e+002 2261.202873 2261.202873 
592 -2.519375e+002 4614.355400 4614.355400 
593 -2.519423e+002 3241.852703 3241.852703 
594 -2.519047e+002 2097.188352 2097.188352 
595 -2.519261e+002 7018.215686 7018.215686 
596 -2.518997e+002 2642.741194 2642.741194 
597 -2.519205e+002 6541.584692 6541.584692 
598 -2.519295e+002 4396.805859 4396.805859 
599 -2.519144e+002 3069.074481 3069.074481 
600 -2.519044e+002 7950.544819 7950.544819 
601 -2.518967e+002 4608.062089 4608.062089 
602 -2.519226e+002 3831.527413 3831.527413 
603 -2.517752e+002 329.063172 329.063172 
604 -2.512556e+002 63.436037 63.436037 
605 -2.514483e+002 60.834950 60.834950 
606 -2.507540e+002 22.703919 22.703919 
607 -2.512382e+002 41.531368 41.531368 
608 -2.514471e+002 29.157807 29.157807 
609 -2.516664e+002 218.238943 218.238943 
610 -2.517254e+002 283.953203 283.953203 
611 -2.519460e+002 1638.453185 1638.453185 
612 -2.519185e+002 5936.545583 5936.545583 
613 -2.519342e+002 7926.480727 7926.480727 
614 -2.519310e+002 9811.086295 9811.086295 
615 -2.519158e+002 5183.936435 5183.936435 
616 -2.519130e+002 7150.787697 7150.787697 
617 -2.519124e+002 4971.605336 4971.605336 
618 -2.519317e+002 8825.667538 8825.667538 
619 -2.519353e+002 7122.194097 7122.194097 
620 -2.519265e+002 6232.813705 6232.813705 
621 -2.519147e+002 9090.648465 9090.648465 
622 -2.519099e+002 3442.824355 3442.824355 
623 -2.519431e+002 7755.356121 7755.356121 
624 -2.519085e+002 5596.634555 5596.634555 
625 -2.519299e+002 2358.010207 2358.010207 
626 -2.518361e+002 596.055787 596.055787 
627 -2.518821e+002 1528.926557 1528.926557 
628 -2.519215e+002 2045.537537 2045.537537 
629 -2.518874e+002 988.941391 988.941391 
630 -2.519037e+002 3046.528579 3046.528579 
631 -2.519168e+002 5746.949449 5746.949449 
632 -2.519400e+002 2869.114559 2869.114559 
633 -2.519210e+002 1909.821104 1909.821104 
634 -2.518779e+002 2207.530376 2207.530376 
635 -2.518989e+002 3008.113057 3008.113057 
636 -2.519046e+002 6204.637205 6204.637205 
637 -2.518950e+002 4486.502709 4486.502709 
638 -2.519304e+002 5735.256747 5735.256747 
639 -2.519218e+002 6247.259684 6247.259684 
640 -2.519056e+002 5825.665466 5825.665466 
641 -2.519036e+002 1680.581834 1680.581834 
642 -2.519100e+002 4469.786535 4469.786535 
643 -2.519235e+002 4573.193250 4573.193250 
644 -2.519028e+002 7469.402749 7469.402749 
645 -2.519105e+002 2833.461300 2833.461300 
646 -2.519234e+002 6096.890254 6096.890254 
647 -2.519298e+002 9704.231256 9704.231256 
648 -2.519204e+002 4980.486359 4980.486359 
649 -2.519285e+002 1693.879746 1693.879746 
650 -2.519124e+002 4450.397561 4450.397561 
651 -2.519116e+002 2027.168306 2027.168306 
652 -2.514785e+002 100.283439 100.283439 
653 -2.518578e+002 380.837616 380.837616 
654 -2.518079e+002 232.885276 232.885276 
655 -2.518039e+002 428.032853 428.032853 
656 -2.513587e+002 19.050696 19.050696 
657 -2.513225e+002 34.976444 34.976444 
658 -2.516648e+002 183.253178 183.253178 
659 -2.517155e+002 239.451396 239.451396 
660 -2.513160e+002 53.745520 53.745520 
661 -2.513875e+002 52.718139 52.718139 
662 -2.512431e+002 59.290154 59.290154 
663 -2.513738e+002 78.981068 78.981068 
664 -2.517769e+002 358.146484 358.146484 
665 -2.518952e+002 2288.831036 2288.831036 
666 -2.519406e+002 3707.931951 3707.931951 
667 -2.519160e+002 1581.474184 1581.474184 
668 -2.519116e+002 7740.462006 7740.462006 
669 -2.519184e+002 6853.738833 6853.738833 
670 -2.519056e+002 4367.296473 4367.296473 
671 -2.519351e+002 6974.949605 6974.949605 
672 -2.519336e+002 7344.597624 7344.597624 
673 -2.519443e+002 6295.384059 6295.384059 
674 -2.519411e+002 2106.238662 2106.238662 
675 -2.519038e+002 749.347427 749.347427 
676 -2.513379e+002 38.540930 38.540930 
677 -2.518151e+002 249.724706 249.724706 
678 -2.519182e+002 4851.147103 4851.147103 
679 -2.519176e+002 6386.435959 6386.435959 
680 -2.519065e+002 4820.620895 4820.620895 
681 -2.519070e+002 4733.331366 4733.331366 
682 -2.519404e+002 1872.533036 1872.533036 
683 -2.517862e+002 463.094486 463.094486 
684 -2.518709e+002 1209.843414 1209.843414 
685 -2.519066e+002 1254.427427 1254.427427 
686 -2.519185e+002 8322.900980 8322.900980 
687 -2.519175e+002 8138.655122 8138.655122 
688 -2.518720e+002 1897.244870 1897.244870 
689 -2.519008e+002 2704.950282 2704.950282 
690 -2.519303e+002 8084.590048 8084.590048 
691 -2.519378e+002 6704.950328 6704.950328 
692 -2.519320e+002 8895.385120 8895.385120 
693 -2.519081e+002 1617.043221 1617.043221 
694 -2.519031e+002 6374.916498 6374.916498 
695 -2.519364e+002 4741.609628 4741.609628 
696 -2.519248e+002 7272.691505 7272.691505 
697 -2.519111e+002 6851.839329 6851.839329 
698 -2.519136e+002 5609.253817 5609.253817 
699 -2.519083e+002 1996.987796 1996.987796 
700 -2.519187e+002 4094.192751 4094.192751 
701 -2.519360e+002 7149.644205 7149.644205 
702 -2.518961e+002 6566.830731 6566.830731 
703 -2.519270e+002 6245.021849 6245.021849 
704 -2.519113e+002 7352.742343 7352.742343 
705 -2.519146e+002 4880.876900 4880.876900 
706 -2.519032e+002 3701.326411 3701.326411 
707 -2.519174e+002 8953.246656 8953.246656 
708 -2.519140e+002 9047.948949 9047.948949 
709 -2.519312e+002 3719.787272 3719.787272 
710 -2.519314e+002 6331.808204 6331.808204 
711 -2.519182e+002 968.034167 968.034167 
712 -2.517297e+002 270.201158 270.201158 
713 -2.518958e+002 5301.523987 5301.523987 
714 -2.518766e+002 2012.107183 2012.107183 
715 -2.518802e+002 824.519679 824.519679 
716 -2.519048e+002 7465.817001 7465.817001 
717 -2.519271e+002 6236.479537 6236.479537 
718 -2.519200e+002 7629.639908 7629.639908 
719 -2.519191e+002 3697.813533 3697.813533 
720 -2.519127e+002 7628.413735 7628.413735 
721 -2.518819e+002 1002.147822 1002.147822 
722 -2.519162e+002 6537.998530 6537.998530 
723 -2.519217e+002 4567.199530 4567.199530 
724 -2.519034e+002 8470.968111 8470.968111 
725 -2.519236e+002 6218.653185 6218.653185 
726 -2.518659e+002 893.548649 893.548649 
727 -2.517964e+002 525.426590 525.426590 
728 -2.519136e+002 5642.769329 5642.769329 
729 -2.519197e+002 9109.347984 9109.347984 
730 -2.518829e+002 5973.246596 5973.246596 
731 -2.519279e+002 7227.723801 7227.723801 
732 -2.519367e+002 6014.293276 6014.293276 
733 -2.519229e+002 4038.837330 4038.837330 
734 -2.519386e+002 1553.681759 1553.681759 
735 -2.518230e+002 258.678242 258.678242 
736 -2.507594e+002 26.552478 26.552478 
737 -2.516082e+002 160.787239 160.787239 
738 -2.518539e+002 1120.355848 1120.355848 
739 -2.519158e+002 2798.845713 2798.845713 
740 -2.519090e+002 1538.579883 1538.579883 
741 -2.518802e+002 1156.506854 1156.506854 
742 -2.519045e+002 4357.859797 4357.859797 
743 -2.519221e+002 3231.573638 3231.573638 
744 -2.519242e+002 9502.435585 9502.435585 
745 -2.519384e+002 8020.885319 8020.885319 
746 -2.519010e+002 5830.970191 5830.970191 
747 -2.519095e+002 7149.281862 7149.281862 
748 -2.519182e+002 7454.751772 7454.751772 
749 -2.519315e+002 6409.260563 6409.260563 
750 -2.519303e+002 9356.197037 9356.197037 
751 -2.519279e+002 5047.375574 5047.375574 
752 -2.519388e+002 7625.138942 7625.138942 
753 -2.519298e+002 5095.548912 5095.548912 
754 -2.519212e+002 9023.421810 9023.421810 
755 -2.519394e+002 5021.162977 5021.162977 
756 -2.519103e+002 7227.073970 7227.073970 
757 -2.519187e+002 7861.416367 7861.416367 
758 -2.519112e+002 5109.079526 5109.079526 
759 -2.519245e+002 9497.020162 9497.020162 
760 -2.519208e+002 2312.872264 2312.872264 
761 -2.518829e+002 1190.427794 1190.427794 
762 -2.519408e+002 7108.679963 7108.679963 
763 -2.519389e+002 8695.810571 8695.810571 
764 -2.518968e+002 5313.696603 5313.696603 
765 -2.519209e+002 9270.652531 9270.652531 
766 -2.518948e+002 3719.360106 3719.360106 
767 -2.519310e+002 6329.684100 6329.684100 
768 -2.519180e+002 9953.082882 9953.082882 
769 -2.519206e+002 9351.841853 9351.841853 
770 -2.519233e+002 9153.686890 9153.686890 
771 -2.519070e+002 1514.515397 1514.515397 
772 -2.518944e+002 2841.003159 2841.003159 
773 -2.518171e+002 862.681008 862.681008 
774 -2.518889e+002 2021.955425 2021.955425 
775 -2.519114e+002 949.087793 949.087793 
776 -2.518350e+002 866.204807 866.204807 
777 -2.519142e+002 6103.759851 6103.759851 
778 -2.518677e+002 1361.859919 1361.859919 
779 -2.519228e+002 8344.062420 8344.062420 
780 -2.519087e+002 2411.966504 2411.966504 
781 -2.519244e+002 4267.028362 4267.028362 
782 -2.518899e+002 2947.565549 2947.565549 
783 -2.519027e+002 6474.318656 6474.318656 
784 -2.519354e+002 6461.548807 6461.548807 
785 -2.518868e+002 2544.144794 2544.144794 
786 -2.519199e+002 2450.453367 2450.453367 
787 -2.519402e+002 3381.601231 3381.601231 
788 -2.519107e+002 9898.482580 9898.482580 
789 -2.518977e+002 2593.758767 2593.758767 
790 -2.519270e+002 5968.883558 5968.883558 
791 -2.518929e+002 2756.192497 2756.192497 
792 -2.518581e+002 3935.567866 3935.567866 
793 -2.518985e+002 8849.486145 8849.486145 
794 -2.518891e+002 2091.156582 2091.156582 
795 -2.518728e+002 2497.269887 2497.269887 
796 -2.519089e+002 3614.033588 3614.033588 
797 -2.519342e+002 8727.027981 8727.027981 
798 -2.519067e+002 5172.288708 5172.288708 
799 -2.519296e+002 6889.461918 6889.461918 
800 -2.519338e+002 1337.201168 1337.201168 
801 -2.519285e+002 1828.411657 1828.411657 
802 -2.519487e+002 4841.536875 4841.536875 
803 -2.519340e+002 2975.802087 2975.802087 
804 -2.519087e+002 9896.350339 9896.350339 
805 -2.519299e+002 1482.252456 1482.252456 
806 -2.518887e+002 1437.063411 1437.063411 
807 -2.519198e+002 9810.410373 9810.410373 
808 -2.519080e+002 4073.172861 4073.172861 
809 -2.518979e+002 5317.326637 5317.326637 
810 -2.519300e+002 4819.992594 4819.992594 
811 -2.519157e+002 648.037517 648.037517 
812 -2.519178e+002 2822.503325 2822.503325 
813 -2.519221e+002 2360.744286 2360.744286 
814 -2.519241e+002 9302.309110 9302.309110 
815 -2.518991e+002 7041.014559 7041.014559 
816 -2.518703e+002 1618.571802 1618.571802 
817 -2.519171e+002 1419.256881 1419.256881 
818 -2.517991e+002 238.713752 238.713752 
819 -2.516984e+002 243.118535 243.118535 
820 -2.518095e+002 409.108296 409.108296 
821 -2.513133e+002 33.052857 33.052857 
822 -2.518330e+002 244.436404 244.436404 
823 -2.519248e+002 2843.961348 2843.961348 
824 -2.519415e+002 1712.484187 1712.484187 
825 -2.519321e+002 7422.706916 7422.706916 
826 -2.519391e+002 6781.599332 6781.599332 
827 -2.519327e+002 6501.244246 6501.244246 
828 -2.519231e+002 7280.591097 7280.591097 
829 -2.519095e+002 9765.540586 9765.540586 
830 -2.518635e+002 2355.129820 2355.129820 
831 -2.519064e+002 9776.965026 9776.965026 
832 -2.519269e+002 5559.157119 5559.157119 
833 -2.519455e+002 8383.035724 8383.035724 
834 -2.519435e+002 6250.472855 6250.472855 
835 -2.518839e+002 2603.050074 2603.050074 
836 -2.518156e+002 891.042614 891.042614 
837 -2.518939e+002 2085.037549 2085.037549 
838 -2.519131e+002 2940.359582 2940.359582 
839 -2.519159e+002 6935.843152 6935.843152 
840 -2.519309e+002 7774.620357 7774.620357 
841 -2.519233e+002 8963.633256 8963.633256 
842 -2.519150e+002 8642.665303 8642.665303 
843 -2.519338e+002 5461.906040 5461.906040 
844 -2.519003e+002 2635.449367 2635.449367 
845 -2.519180e+002 3245.541617 3245.541617 
846 -2.518954e+002 8226.960974 8226.960974 
847 -2.519334e+002 3672.910620 3672.910620 
848 -2.519298e+002 7903.357123 7903.357123 
849 -2.519203e+002 7007.806290 7007.806290 
850 -2.519322e+002 5421.511607 5421.511607 
851 -2.519270e+002 9611.765834 9611.765834 
852 -2.519209e+002 9802.701613 9802.701613 
853 -2.519160e+002 7593.321991 7593.321991 
854 -2.519238e+002 6436.402610 6436.402610 
855 -2.519366e+002 5349.504836 5349.504836 
856 -2.519127e+002 6680.864082 6680.864082 
857 -2.519222e+002 6707.138193 6707.138193 
858 -2.519402e+002 9454.041127 9454.041127 
859 -2.519105e+002 6833.599442 6833.599442 
860 -2.519282e+002 3323.067774 3323.067774 
861 -2.519549e+002 2196.276713 2196.276713 
862 -2.519407e+002 9225.009950 9225.009950 
863 -2.519410e+002 8460.068330 8460.068330 
864 -2.519138e+002 8561.015586 8561.015586 
865 -2.519235e+002 9922.970946 9922.970946 
866 -2.519170e+002 6903.294880 6903.294880 
867 -2.519277e+002 7129.843382 7129.843382 
868 -2.518626e+002 1112.867878 1112.867878 
869 -2.518937e+002 2306.988555 2306.988555 
870 -2.519112e+002 5902.222005 5902.222005 
871 -2.519268e+002 5078.725297 5078.725297 
872 -2.519191e+002 7985.637503 7985.637503 
873 -2.519202e+002 8870.562983 8870.562983 
874 -2.519101e+002 5831.301052 5831.301052 
875 -2.519306e+002 8128.947913 8128.947913 
876 -2.518779e+002 877.783117 877.783117 
877 -2.519230e+002 1200.011990 1200.011990 
878 -2.519328e+002 8029.817722 8029.817722 
879 -2.519315e+002 6218.781176 6218.781176 
880 -2.519112e+002 4640.725913 4640.725913 
881 -2.519255e+002 5091.923695 5091.923695 
882 -2.517934e+002 716.227168 716.227168 
883 -2.519334e+002 3619.573246 3619.573246 
884 -2.518937e+002 2016.552953 2016.552953 
885 -2.518580e+002 282.531129 282.531129 
886 -2.516124e+002 191.063207 191.063207 
887 -2.517247e+002 358.205236 358.205236 
888 -2.519191e+002 8105.805028 8105.805028 
889 -2.519184e+002 7660.247500 7660.247500 
890 -2.518936e+002 4141.682781 4141.682781 
891 -2.518975e+002 1889.351165 1889.351165 
892 -2.518978e+002 6705.449954 6705.449954 
893 -2.519085e+002 2455.970666 2455.970666 
894 -2.519141e+002 7532.699622 7532.699622 
895 -2.519042e+002 3702.314885 3702.314885 
896 -2.519014e+002 4834.260059 4834.260059 
897 -2.519199e+002 2452.954593 2452.954593 
898 -2.518947e+002 4544.098533 4544.098533 
899 -2.519068e+002 6322.453300 6322.453300 
900 -2.518956e+002 611.894972 611.894972 
901 -2.517966e+002 639.404465 639.404465 
902 -2.518653e+002 1336.171913 1336.171913 
903 -2.518782e+002 943.642627 943.642627 
904 -2.518442e+002 1899.131813 1899.131813 
905 -2.519144e+002 4160.565597 4160.565597 
906 -2.519125e+002 3630.070157 3630.070157 
907 -2.519213e+002 1162.657771 1162.657771 
908 -2.519039e+002 1655.401094 1655.401094 
909 -2.518494e+002 898.599118 898.599118 
910 -2.519079e+002 2890.796179 2890.796179 
911 -2.519290e+002 9841.857737 9841.857737 
912 -2.519201e+002 3584.880675 3584.880675 
913 -2.518984e+002 2801.323254 2801.323254 
914 -2.519265e+002 5791.118719 5791.118719 
915 -2.519051e+002 8970.828314 8970.828314 
916 -2.519049e+002 4360.680539 4360.680539 
917 -2.519179e+002 6708.952862 6708.952862 
918 -2.518998e+002 3550.027409 3550.027409 
919 -2.518688e+002 1254.803403 1254.803403 
920 -2.519127e+002 1079.997249 1079.997249 
921 -2.519167e+002 5012.190602 5012.190602 
922 -2.519037e+002 4541.472214 4541.472214 
923 -2.519126e+002 5645.977573 5645.977573 
924 -2.518692e+002 1982.737482 1982.737482 
925 -2.519039e+002 3059.837393 3059.837393 
926 -2.519276e+002 9024.560349 9024.560349 
927 -2.518948e+002 3993.296062 3993.296062 
928 -2.518668e+002 235.664482 235.664482 
929 -2.517733e+002 253.593899 253.593899 
930 -2.519258e+002 1816.494496 1816.494496 
931 -2.519169e+002 2041.265073 2041.265073 
932 -2.518994e+002 2692.135343 2692.135343 
933 -2.519180e+002 9859.429150 9859.429150 
934 -2.519145e+002 5771.612215 5771.612215 
935 -2.519007e+002 9321.909358 9321.909358 
936 -2.518898e+002 3470.153359 3470.153359 
937 -2.519148e+002 9458.274018 9458.274018 
938 -2.519130e+002 5261.727220 5261.727220 
939 -2.519236e+002 3255.563924 3255.563924 
940 -2.519108e+002 9347.152309 9347.152309 
941 -2.519250e+002 6823.021958 6823.021958 
942 -2.519314e+002 7314.612692 7314.612692 
943 -2.519197e+002 3979.604335 3979.604335 
944 -2.519354e+002 9854.278131 9854.278131 
945 -2.519030e+002 1217.289553 1217.289553 
946 -2.519022e+002 1238.894680 1238.894680 
947 -2.518421e+002 1490.089756 1490.089756 
948 -2.518379e+002 661.892121 661.892121 
949 -2.519026e+002 3208.518270 3208.518270 
950 -2.519310e+002 3131.624796 3131.624796 
951 -2.519116e+002 5980.906429 5980.906429 
952 -2.519306e+002 7758.132143 7758.132143 
953 -2.519334e+002 9959.026455 9959.026455 
954 -2.519171e+002 8318.210147 8318.210147 
955 -2.518773e+002 7149.226691 7149.226691 
956 -2.518610e+002 1629.988172 1629.988172 
957 -2.518668e+002 1153.455471 1153.455471 
958 -2.519063e+002 2876.658945 2876.658945 
959 -2.519408e+002 1201.831981 1201.831981 
960 -2.518933e+002 3041.449490 3041.449490 
961 -2.519401e+002 4916.167945 4916.167945 
962 -2.519144e+002 4706.010387 4706.010387 
963 -2.519338e+002 8843.295212 8843.295212 
964 -2.519355e+002 3925.510029 3925.510029 
965 -2.519000e+002 9045.051669 9045.051669 
966 -2.519089e+002 9752.174289 9752.174289 
967 -2.518952e+002 4405.383871 4405.383871 
968 -2.519476e+002 6201.147718 6201.147718 
969 -2.519028e+002 2021.126413 2021.126413 
970 -2.519007e+002 2596.559123 2596.559123 
971 -2.518658e+002 618.180261 618.180261 
972 -2.519097e+002 1755.865221 1755.865221 
973 -2.519109e+002 9259.115046 9259.115046 
974 -2.519020e+002 3125.653268 3125.653268 
975 -2.519095e+002 794.964211 794.964211 
976 -2.519260e+002 2132.431400 2132.431400 
977 -2.519050e+002 4894.732609 4894.732609 
978 -2.519194e+002 2892.664938 2892.664938 
979 -2.518767e+002 1524.371683 1524.371683 
980 -2.519047e+002 6962.166159 6962.166159 
981 -2.519119e+002 7100.576692 7100.576692 
982 -2.519342e+002 9035.939233 9035.939233 
983 -2.518530e+002 509.117169 509.117169 
984 -2.519575e+002 1869.079429 1869.079429 
985 -2.519252e+002 4181.302840 4181.302840 
986 -2.519079e+002 9705.877716 9705.877716 
987 -2.519079e+002 6313.306712 6313.306712 
988 -2.519021e+002 4906.677557 4906.677557 
989 -2.519279e+002 7499.589410 7499.589410 
990 -2.519242e+002 8967.025823 8967.025823 
991 -2.519260e+002 9241.417566 9241.417566 
992 -2.519144e+002 5187.979156 5187.979156 
993 -2.519335e+002 6155.597407 6155.597407 
994 -2.519136e+002 7166.069778 7166.069778 
995 -2.519345e+002 9960.124124 9960.124124 
996 -2.519407e+002 5553.823226 5553.823226 
997 -2.518824e+002 7077.855481 7077.855481 
998 -2.519107e+002 8329.969462 8329.969462 
999 -2.519278e+002 6980.828981 6980.828981 
1000 -2.519084e+002 2797.846821 2797.846821 
1001 -2.519074e+002 2348.503324 2348.503324 
1002 -2.518851e+002 1518.150203 1518.150203 
1003 -2.519194e+002 6029.163494 6029.163494 
1004 -2.519202e+002 2946.810008 2946.810008 
1005 -2.519334e+002 4699.516914 4699.516914 
1006 -2.519168e+002 9108.870541 9108.870541 
1007 -2.518912e+002 2517.022528 2517.022528 
1008 -2.518137e+002 706.320280 706.320280 
1009 -2.519165e+002 4669.726001 4669.726001 
1010 -2.519142e+002 3278.040825 3278.040825 
1011 -2.519126e+002 9010.339422 9010.339422 
1012 -2.519137e+002 3101.770723 3101.770723 
1013 -2.519141e+002 7601.239327 7601.239327 
1014 -2.518975e+002 6064.528790 6064.528790 
1015 -2.519047e+002 7000.358360 7000.358360 
1016 -2.519274e+002 9058.416199 9058.416199 
1017 -2.519128e+002 2723.248096 2723.248096 
1018 -2.519102e+002 6296.129608 6296.129608 
1019 -2.519210e+002 8914.637020 8914.637020 
1020 -2.519336e+002 8206.484811 8206.484811 
1021 -2.518983e+002 6984.422048 6984.422048 
1022 -2.519269e+002 4289.059000 4289.059000 
1023 -2.519290e+002 8201.782203 8201.782203 
1024 -2.519213e+002 8607.901267 8607.901267 
1025 -2.518954e+002 4615.847962 4615.847962 
1026 -2.519297e+002 8549.221824 8549.221824 
1027 -2.519192e+002 4945.229895 4945.229895 
1028 -2.519101e+002 4247.856388 4247.856388 
1029 -2.519201e+002 5899.408586 5899.408586 
1030 -2.518861e+002 4239.687282 4239.687282 
1031 -2.518105e+002 524.240833 524.240833 
1032 -2.519039e+002 5516.969621 5516.969621 
1033 -2.519213e+002 8249.161891 8249.161891 
1034 -2.519069e+002 5148.634066 5148.634066 
1035 -2.519287e+002 6552.067763 6552.067763 
1036 -2.519280e+002 9535.587028 9535.587028 
1037 -2.519234e+002 5028.552505 5028.552505 
1038 -2.518702e+002 1292.999119 1292.999119 
1039 -2.519244e+002 7176.144889 7176.144889 
1040 -2.519315e+002 3831.046718 3831.046718 
1041 -2.519449e+002 2266.545336 2266.545336 
1042 -2.518904e+002 1403.873665 1403.873665 
1043 -2.518991e+002 3008.955836 3008.955836 
1044 -2.517779e+002 421.138436 421.138436 
1045 -2.518448e+002 1216.456155 1216.456155 
1046 -2.518716e+002 3771.519220 3771.519220 
1047 -2.519037e+002 2446.559263 2446.559263 
1048 -2.518988e+002 1380.402121 1380.402121 
1049 -2.519237e+002 6695.302560 6695.302560 
1050 -2.519074e+002 9690.557081 9690.557081 
1051 -2.519250e+002 6007.857341 6007.857341 
1052 -2.519424e+002 4273.000467 4273.000467 
1053 -2.519144e+002 6466.875786 6466.875786 
1054 -2.519071e+002 9130.092984 9130.092984 
1055 -2.519319e+002 8940.675969 8940.675969 
1056 -2.519256e+002 5174.204812 5174.204812 
1057 -2.519007e+002 2468.471835 2468.471835 
1058 -2.519084e+002 4253.502021 4253.502021 
1059 -2.519018e+002 2726.729812 2726.729812 
1060 -2.518396e+002 1422.600498 1422.600498 
1061 -2.519055e+002 2559.310667 2559.310667 
1062 -2.519254e+002 3135.912022 3135.912022 
1063 -2.519175e+002 5455.965063 5455.965063 
1064 -2.519097e+002 4601.912280 4601.912280 
1065 -2.519077e+002 9455.082833 9455.082833 
1066 -2.519262e+002 9548.052264 9548.052264 
1067 -2.518998e+002 6894.361861 6894.361861 
1068 -2.519219e+002 9896.461630 9896.461630 
1069 -2.519445e+002 6534.138433 6534.138433 
1070 -2.519201e+002 9259.319281 9259.319281 
1071 -2.519020e+002 4155.544905 4155.544905 
1072 -2.519402e+002 4979.113103 4979.113103 
1073 -2.518796e+002 1676.156542 1676.156542 
1074 -2.519199e+002 1876.075846 1876.075846 
1075 -2.519264e+002 8261.691317 8261.691317 
1076 -2.519359e+002 5570.079303 5570.079303 
1077 -2.519319e+002 4228.962437 4228.962437 
1078 -2.518958e+002 786.000126 786.000126 
1079 -2.519084e+002 8111.129612 8111.129612 
1080 -2.519311e+002 6096.049656 6096.049656 
1081 -2.519353e+002 6121.664227 6121.664227 
1082 -2.518039e+002 451.892338 451.892338 
1083 -2.517789e+002 359.647948 359.647948 
1084 -2.517168e+002 296.064452 296.064452 
1085 -2.519289e+002 1027.627827 1027.627827 
1086 -2.519446e+002 1091.227480 1091.227480 
1087 -2.519164e+002 6050.960064 6050.960064 
1088 -2.518839e+002 6875.937777 6875.937777 
1089 -2.518860e+002 4345.034505 4345.034505 
1090 -2.519248e+002 7809.387438 7809.387438 
1091 -2.518908e+002 7265.950003 7265.950003 
1092 -2.519232e+002 7184.525337 7184.525337 
1093 -2.519592e+002 1272.400908 1272.400908 
1094 -2.519118e+002 7160.984008 7160.984008 
1095 -2.519285e+002 9131.811485 9131.811485 
1096 -2.519372e+002 7663.335109 7663.335109 
1097 -2.519044e+002 1643.848035 1643.848035 
1098 -2.519355e+002 5240.089591 5240.089591 
1099 -2.519097e+002 6416.159716 6416.159716 
1100 -2.518847e+002 2869.318992 2869.318992 
1101 -2.519218e+002 8219.264897 8219.264897 
1102 -2.519177e+002 2265.525018 2265.525018 
1103 -2.519217e+002 8431.270201 8431.270201 
1104 -2.519183e+002 7165.556221 7165.556221 
1105 -2.519220e+002 8569.494127 8569.494127 
1106 -2.519146e+002 5872.398982 5872.398982 
1107 -2.518979e+002 8486.283787 8486.283787 
1108 -2.518911e+002 3518.693507 3518.693507 
1109 -2.519380e+002 7029.553325 7029.553325 
1110 -2.519348e+002 4758.978313 4758.978313 
1111 -2.518950e+002 2143.091870 2143.091870 
1112 -2.519290e+002 7370.476813 7370.476813 
1113 -2.519206e+002 8242.637293 8242.637293 
1114 -2.519199e+002 8300.451047 8300.451047 
1115 -2.519086e+002 4666.482886 4666.482886 
1116 -2.519328e+002 9938.543230 9938.543230 
1117 -2.519168e+002 4417.363553 4417.363553 
1118 -2.519266e+002 4936.368539 4936.368539 
1119 -2.519135e+002 9428.059352 9428.059352 
1120 -2.518825e+002 3267.955528 3267.955528 
1121 -2.519177e+002 9769.742045 9769.742045 
1122 -2.519347e+002 3233.763158 3233.763158 
1123 -2.519135e+002 4668.036972 4668.036972 
1124 -2.519351e+002 9708.607930 9708.607930 
1125 -2.519056e+002 7108.735657 7108.735657 
1126 -2.519034e+002 1220.084234 1220.084234 
1127 -2.519196e+002 4762.910155 4762.910155 
1128 -2.518437e+002 1031.676283 1031.676283 
1129 -2.519367e+002 2067.292027 2067.292027 
1130 -2.519383e+002 7198.085845 7198.085845 
1131 -2.519110e+002 7908.382902 7908.382902 
1132 -2.518886e+002 1557.849507 1557.849507 
1133 -2.519159e+002 9912.798835 9912.798835 
1134 -2.519299e+002 9617.208454 9617.208454 
1135 -2.519041e+002 5317.348621 5317.348621 
1136 -2.519227e+002 8812.632362 8812.632362 
1137 -2.519106e+002 8521.731242 8521.731242 
1138 -2.519190e+002 5165.462901 5165.462901 
1139 -2.519076e+002 6748.454365 6748.454365 
1140 -2.519029e+002 1288.606692 1288.606692 
1141 -2.519303e+002 6191.650708 6191.650708 
1142 -2.519326e+002 7750.171796 7750.171796 
1143 -2.519088e+002 1667.090780 1667.090780 
1144 -2.519184e+002 7338.532621 7338.532621 
1145 -2.519201e+002 5893.789060 5893.789060 
1146 -2.519355e+002 3206.315881 3206.315881 
1147 -2.519088e+002 2231.020705 2231.020705 
1148 -2.519239e+002 6254.969484 6254.969484 
1149 -2.519349e+002 6963.086203 6963.086203 
1150 -2.519033e+002 3717.540030 3717.540030 
1151 -2.519235e+002 5958.892526 5958.892526 
1152 -2.519312e+002 6265.256853 6265.256853 
1153 -2.519323e+002 5837.320657 5837.320657 
1154 -2.519094e+002 6478.794705 6478.794705 
1155 -2.519173e+002 4904.296689 4904.296689 
1156 -2.519237e+002 6832.343192 6832.343192 
1157 -2.518853e+002 4017.477129 4017.477129 
1158 -2.519095e+002 4807.852277 4807.852277 
1159 -2.518535e+002 1297.927779 1297.927779 
1160 -2.519378e+002 3233.099159 3233.099159 
1161 -2.519342e+002 2428.396771 2428.396771 
1162 -2.519276e+002 5372.043868 5372.043868 
1163 -2.519207e+002 6196.511744 6196.511744 
1164 -2.519299e+002 7281.322527 7281.322527 
1165 -2.519163e+002 4784.864779 4784.864779 
1166 -2.518983e+002 4491.440606 4491.440606 
1167 -2.519299e+002 7726.943470 7726.943470 
1168 -2.519103e+002 2524.170139 2524.170139 
1169 -2.519405e+002 2502.785484 2502.785484 
1170 -2.518881e+002 8914.461503 8914.461503 
1171 -2.519326e+002 5728.728935 5728.728935 
1172 -2.519147e+002 5334.645667 5334.645667 
1173 -2.519149e+002 5428.124781 5428.124781 
1174 -2.518642e+002 753.396364 753.396364 
1175 -2.518969e+002 2295.000935 2295.000935 
1176 -2.519107e+002 6100.541467 6100.541467 
1177 -2.519169e+002 8959.302658 8959.302658 
1178 -2.519300e+002 9979.846977 9979.846977 
1179 -2.519025e+002 7570.827476 7570.827476 
1180 -2.519151e+002 9366.147997 9366.147997 
1181 -2.519332e+002 8236.902615 8236.902615 
1182 -2.519359e+002 6500.708601 6500.708601 
1183 -2.519035e+002 6170.793874 6170.793874 
1184 -2.519178e+002 2829.152554 2829.152554 
1185 -2.519085e+002 5276.440459 5276.440459 
1186 -2.519276e+002 8871.934768 8871.934768 
1187 -2.519229e+002 8265.562639 8265.562639 
1188 -2.519260e+002 9843.888954 9843.888954 
1189 -2.519147e+002 4864.664845 4864.664845 
1190 -2.518716e+002 3345.240020 3345.240020 
1191 -2.518561e+002 1457.404272 1457.404272 
1192 -2.518943e+002 1127.100403 1127.100403 
1193 -2.518816e+002 2061.775546 2061.775546 
1194 -2.518356e+002 319.837780 319.837780 
1195 -2.511774e+002 75.870151 75.870151 
1196 -2.514425e+002 48.206332 48.206332 
1197 -2.518048e+002 473.155224 473.155224 
1198 -2.519254e+002 8889.974929 8889.974929 
1199 -2.519276e+002 7320.959302 7320.959302 
1200 -2.519340e+002 7848.569769 7848.569769 
1201 -2.519185e+002 6848.745779 6848.745779 
1202 -2.519049e+002 7680.680168 7680.680168 
1203 -2.518958e+002 2277.111686 2277.111686 
1204 -2.518646e+002 1562.823973 1562.823973 
1205 -2.519295e+002 5054.559124 5054.559124 
1206 -2.518802e+002 7666.876358 7666.876358 
1207 -2.519123e+002 6514.556003 6514.556003 
1208 -2.519068e+002 4797.804238 4797.804238 
1209 -2.519210e+002 8277.322049 8277.322049 
1210 -2.519100e+002 2984.806786 2984.806786 
1211 -2.519298e+002 4860.201760 4860.201760 
1212 -2.519120e+002 5762.353599 5762.353599 
1213 -2.519021e+002 5890.082549 5890.082549 
1214 -2.519305e+002 5071.494620 5071.494620 
1215 -2.519174e+002 5986.557439 5986.557439 
1216 -2.519286e+002 8198.679895 8198.679895 
1217 -2.519052e+002 9988.268205 9988.268205 
1218 -2.519305e+002 4102.100659 4102.100659 
1219 -2.519334e+002 8226.092298 8226.092298 
1220 -2.519285e+002 7740.638500 7740.638500 
1221 -2.519174e+002 8049.225969 8049.225969 
1222 -2.519216e+002 9819.501693 9819.501693 
1223 -2.519328e+002 7850.867075 7850.867075 
1224 -2.519120e+002 5226.973409 5226.973409 
1225 -2.519048e+002 2681.133859 2681.133859 
1226 -2.519070e+002 5209.875593 5209.875593 
1227 -2.519027e+002 3706.710101 3706.710101 
1228 -2.519020e+002 1416.703076 1416.703076 
1229 -2.518778e+002 3905.131054 3905.131054 
1230 -2.519202e+002 8149.281480 8149.281480 
1231 -2.519242e+002 7894.963457 7894.963457 
1232 -2.519233e+002 6590.040295 6590.040295 
1233 -2.519008e+002 5712.884172 5712.884172 
1234 -2.518957e+002 4570.220692 4570.220692 
1235 -2.519227e+002 7294.629560 7294.629560 
1236 -2.519286e+002 6068.858217 6068.858217 
1237 -2.519311e+002 3009.359753 3009.359753 
1238 -2.519172e+002 3957.416292 3957.416292 
1239 -2.519422e+002 4147.432236 4147.432236 
1240 -2.519070e+002 6410.964838 6410.964838 
1241 -2.519415e+002 6057.171597 6057.171597 
1242 -2.519163e+002 6137.850082 6137.850082 
1243 -2.519267e+002 1531.573214 1531.573214 
1244 -2.518980e+002 6961.197742 6961.197742 
1245 -2.519180e+002 5904.926178 5904.926178 
1246 -2.519184e+002 4524.390632 4524.390632 
1247 -2.518753e+002 1671.386521 1671.386521 
1248 -2.519375e+002 8650.987444 8650.987444 
1249 -2.518971e+002 5291.712226 5291.712226 
1250 -2.519404e+002 6335.979042 6335.979042 
1251 -2.519216e+002 5524.881537 5524.881537 
1252 -2.519255e+002 6307.736062 6307.736062 
1253 -2.519232e+002 3490.537402 3490.537402 
1254 -2.519281e+002 8623.240248 8623.240248 
1255 -2.519211e+002 9997.108405 9997.108405 
1256 -2.518910e+002 3073.277058 3073.277058 
1257 -2.519184e+002 2204.002029 2204.002029 
1258 -2.518797e+002 1381.444501 1381.444501 
1259 -2.519354e+002 8836.416623 8836.416623 
1260 -2.519462e+002 8394.280685 8394.280685 
1261 -2.519357e+002 5658.926308 5658.926308 
1262 -2.519115e+002 6725.354386 6725.354386 
1263 -2.519286e+002 2680.772378 2680.772378 
1264 -2.519126e+002 3643.115790 3643.115790 
1265 -2.518956e+002 2154.381582 2154.381582 
1266 -2.519466e+002 8972.236172 8972.236172 
1267 -2.518805e+002 2724.720900 2724.720900 
1268 -2.518641e+002 3409.780652 3409.780652 
1269 -2.519185e+002 4776.059734 4776.059734 
1270 -2.519497e+002 2440.213624 2440.213624 
1271 -2.519263e+002 3264.611608 3264.611608 
1272 -2.519251e+002 8595.293128 8595.293128 
1273 -2.519228e+002 6514.881100 6514.881100 
1274 -2.519063e+002 6066.777675 6066.777675 
1275 -2.519037e+002 5241.656551 5241.656551 
1276 -2.519085e+002 6983.075571 6983.075571 
1277 -2.519178e+002 8002.742527 8002.742527 
1278 -2.519266e+002 8386.101873 8386.101873 
1279 -2.519040e+002 5345.159639 5345.159639 
1280 -2.519146e+002 7547.230411 7547.230411 
1281 -2.519115e+002 4794.842110 4794.842110 
1282 -2.519141e+002 5915.217932 5915.217932 
1283 -2.519370e+002 7249.725821 7249.725821 
1284 -2.518806e+002 3454.787634 3454.787634 
1285 -2.519236e+002 9921.386643 9921.386643 
1286 -2.519089e+002 7484.804737 7484.804737 
1287 -2.519159e+002 7936.420421 7936.420421 
1288 -2.519231e+002 9622.679174 9622.679174 
1289 -2.519007e+002 3880.511542 3880.511542 
1290 -2.519155e+002 7654.691126 7654.691126 
1291 -2.519321e+002 2682.573463 2682.573463 
1292 -2.519407e+002 5269.436522 5269.436522 
1293 -2.519242e+002 6415.158524 6415.158524 
1294 -2.519181e+002 8816.745214 8816.745214 
1295 -2.519307e+002 9296.927942 9296.927942 
1296 -2.519042e+002 8914.148727 8914.148727 
1297 -2.519419e+002 5960.330261 5960.330261 
1298 -2.518935e+002 7206.976744 7206.976744 
1299 -2.519536e+002 4045.468120 4045.468120 
1300 -2.518890e+002 1819.606909 1819.606909 
1301 -2.519368e+002 7835.952751 7835.952751 
1302 -2.519206e+002 9717.411348 9717.411348 
1303 -2.519180e+002 4660.420191 4660.420191 
1304 -2.519130e+002 7866.076687 7866.076687 
1305 -2.519071e+002 5235.375403 5235.375403 
1306 -2.519235e+002 4143.943308 4143.943308 
1307 -2.519324e+002 9176.314920 9176.314920 
1308 -2.519317e+002 6278.741653 6278.741653 
1309 -2.519095e+002 3866.784847 3866.784847 
1310 -2.519296e+002 5976.077456 5976.077456 
1311 -2.519246e+002 1626.629217 1626.629217 
1312 -2.519229e+002 5535.050547 5535.050547 
1313 -2.519205e+002 2948.357123 2948.357123 
1314 -2.517762e+002 648.396918 648.396918 
1315 -2.519172e+002 2444.057305 2444.057305 
1316 -2.518973e+002 3798.133013 3798.133013 
1317 -2.519474e+002 9452.619271 9452.619271 
1318 -2.519100e+002 7805.776581 7805.776581 
1319 -2.519146e+002 8624.878229 8624.878229 
1320 -2.519140e+002 4628.497749 4628.497749 
1321 -2.519189e+002 7244.579335 7244.579335 
1322 -2.519060e+002 5803.444955 5803.444955 
1323 -2.519181e+002 693.655635 693.655635 
1324 -2.518597e+002 526.887440 526.887440 
1325 -2.518938e+002 683.794650 683.794650 
1326 -2.519069e+002 8102.185070 8102.185070 
1327 -2.519498e+002 8314.677771 8314.677771 
1328 -2.519294e+002 9377.619938 9377.619938 
1329 -2.518910e+002 2244.463680 2244.463680 
1330 -2.519636e+002 2457.934279 2457.934279 
1331 -2.519345e+002 7172.241840 7172.241840 
1332 -2.519132e+002 4329.208119 4329.208119 
1333 -2.519126e+002 3343.881838 3343.881838 
1334 -2.519183e+002 3290.526825 3290.526825 
1335 -2.519485e+002 4748.770545 4748.770545 
1336 -2.519026e+002 7518.198642 7518.198642 
1337 -2.519195e+002 8025.303449 8025.303449 
1338 -2.519289e+002 7551.696438 7551.696438 
1339 -2.519264e+002 6609.495615 6609.495615 
1340 -2.519610e+002 3862.860324 3862.860324 
1341 -2.519313e+002 7868.201146 7868.201146 
1342 -2.519080e+002 4267.181960 4267.181960 
1343 -2.519202e+002 7490.563053 7490.563053 
1344 -2.518819e+002 6873.066614 6873.066614 
1345 -2.518334e+002 724.103333 724.103333 
1346 -2.518282e+002 575.554454 575.554454 
1347 -2.518408e+002 885.711096 885.711096 
1348 -2.518946e+002 850.369124 850.369124 
1349 -2.519275e+002 7614.505364 7614.505364 
1350 -2.519270e+002 9785.626470 9785.626470 
1351 -2.519270e+002 9785.626470 9785.626470 
1352 -2.519063e+002 7617.549176 7617.549176 
1353 -2.518924e+002 3881.879771 3881.879771 
1354 -2.519134e+002 5320.540675 5320.540675 
1355 -2.519420e+002 4319.925533 4319.925533 
1356 -2.519195e+002 6244.617966 6244.617966 
1357 -2.518116e+002 593.977985 593.977985 
1358 -2.518166e+002 980.789393 980.789393 
1359 -2.519065e+002 8194.102289 8194.102289 
1360 -2.519243e+002 9926.445893 9926.445893 
1361 -2.519117e+002 3411.758180 3411.758180 
1362 -2.519226e+002 8767.897053 8767.897053 
1363 -2.519237e+002 9748.663818 9748.663818 
1364 -2.519379e+002 2042.878548 2042.878548 
1365 -2.519339e+002 2729.801374 2729.801374 
1366 -2.519119e+002 4861.933349 4861.933349 
1367 -2.519112e+002 1674.785459 1674.785459 
1368 -2.519273e+002 7676.811390 7676.811390 
1369 -2.519244e+002 5642.388633 5642.388633 
1370 -2.519142e+002 4279.581515 4279.581515 
1371 -2.519132e+002 4832.201756 4832.201756 
1372 -2.519106e+002 5881.294308 5881.294308 
1373 -2.519179e+002 4289.576476 4289.576476 
1374 -2.519132e+002 1399.635221 1399.635221 
1375 -2.519183e+002 9143.547731 9143.547731 
1376 -2.519172e+002 4275.454897 4275.454897 
1377 -2.519200e+002 5452.759094 5452.759094 
1378 -2.518876e+002 2084.417508 2084.417508 
1379 -2.518986e+002 5725.706466 5725.706466 
1380 -2.519164e+002 8642.927063 8642.927063 
1381 -2.519503e+002 8299.909806 8299.909806 
1382 -2.519040e+002 6715.058300 6715.058300 
1383 -2.519198e+002 9922.283130 9922.283130 
1384 -2.519431e+002 7955.773126 7955.773126 
1385 -2.519360e+002 8376.746954 8376.746954 
1386 -2.519072e+002 3614.916573 3614.916573 
1387 -2.519396e+002 9582.568228 9582.568228 
1388 -2.519420e+002 8237.366327 8237.366327 
1389 -2.519147e+002 2695.409798 2695.409798 
1390 -2.519197e+002 1689.724486 1689.724486 
1391 -2.518811e+002 1673.855458 1673.855458 
1392 -2.519253e+002 3781.702416 3781.702416 
1393 -2.519070e+002 3087.720799 3087.720799 
1394 -2.519276e+002 8008.219777 8008.219777 
1395 -2.519329e+002 8031.293700 8031.293700 
1396 -2.519455e+002 2486.956053 2486.956053 
1397 -2.518608e+002 789.205084 789.205084 
1398 -2.518818e+002 831.246438 831.246438 
1399 -2.516639e+002 107.572840 107.572840 
1400 -2.515044e+002 83.779326 83.779326 
1401 -2.515821e+002 148.026861 148.026861 
1402 -2.519037e+002 596.634977 596.634977 
1403 -2.519181e+002 5255.466655 5255.466655 
1404 -2.519229e+002 9440.299053 9440.299053 
1405 -2.518904e+002 2243.913205 2243.913205 
1406 -2.519214e+002 7770.356810 7770.356810 
1407 -2.519158e+002 2383.530788 2383.530788 
1408 -2.517595e+002 633.555766 633.555766 
1409 -2.517871e+002 296.720132 296.720132 
1410 -2.518842e+002 2642.408908 2642.408908 
1411 -2.519114e+002 6373.421916 6373.421916 
1412 -2.519061e+002 4954.162624 4954.162624 
1413 -2.518444e+002 404.058608 404.058608 
1414 -2.518066e+002 519.834569 519.834569 
1415 -2.517690e+002 530.100179 530.100179 
1416 -2.519210e+002 3835.347963 3835.347963 
1417 -2.518968e+002 547.162833 547.162833 
1418 -2.517392e+002 207.190188 207.190188 
1419 -2.519362e+002 3715.074828 3715.074828 
1420 -2.519306e+002 7572.967155 7572.967155 
1421 -2.519101e+002 6170.575726 6170.575726 
1422 -2.519195e+002 7514.106867 7514.106867 
1423 -2.519094e+002 6501.431236 6501.431236 
1424 -2.519251e+002 2439.747875 2439.747875 
1425 -2.519107e+002 8677.165809 8677.165809 
1426 -2.519359e+002 3921.215628 3921.215628 
1427 -2.519089e+002 5451.447415 5451.447415 
1428 -2.519229e+002 8820.114529 8820.114529 
1429 -2.519109e+002 4875.966155 4875.966155 
1430 -2.518997e+002 1402.658841 1402.658841 
1431 -2.519383e+002 1250.084812 1250.084812 
1432 -2.518778e+002 1636.553895 1636.553895 
1433 -2.518867e+002 2420.550628 2420.550628 
1434 -2.518754e+002 737.670314 737.670314 
1435 -2.519123e+002 5610.627278 5610.627278 
1436 -2.519104e+002 2388.619087 2388.619087 
1437 -2.518917e+002 2027.740929 2027.740929 
1438 -2.519238e+002 9348.975533 9348.975533 
1439 -2.519310e+002 5799.901713 5799.901713 
1440 -2.519323e+002 4793.310343 4793.310343 
1441 -2.519165e+002 2612.880295 2612.880295 
1442 -2.519396e+002 6516.579462 6516.579462 
1443 -2.519436e+002 4875.316461 4875.316461 
1444 -2.518908e+002 9303.432728 9303.432728 
1445 -2.519212e+002 8063.490353 8063.490353 
1446 -2.519202e+002 9163.696371 9163.696371 
1447 -2.518977e+002 3057.959524 3057.959524 
1448 -2.518582e+002 1504.922303 1504.922303 
1449 -2.519353e+002 8701.812619 8701.812619 
1450 -2.519255e+002 3204.329413 3204.329413 
1451 -2.518959e+002 984.489980 984.489980 
1452 -2.519292e+002 9128.738372 9128.738372 
1453 -2.518862e+002 5378.151718 5378.151718 
1454 -2.519070e+002 8123.370956 8123.370956 
1455 -2.519277e+002 5012.143275 5012.143275 
1456 -2.519317e+002 9195.855989 9195.855989 
1457 -2.519216e+002 5247.690775 5247.690775 
1458 -2.519364e+002 4466.571859 4466.571859 
1459 -2.519205e+002 6855.899663 6855.899663 
1460 -2.519376e+002 2891.266061 2891.266061 
1461 -2.519149e+002 5750.110307 5750.110307 
1462 -2.518894e+002 5829.575229 5829.575229 
1463 -2.519173e+002 5692.492973 5692.492973 
1464 -2.518807e+002 6040.938024 6040.938024 
1465 -2.519066e+002 6558.979499 6558.979499 
1466 -2.519138e+002 8777.612833 8777.612833 
1467 -2.519295e+002 9239.549608 9239.549608 
1468 -2.519261e+002 9062.674765 9062.674765 
1469 -2.519174e+002 6331.917134 6331.917134 
1470 -2.518925e+002 6451.942304 6451.942304 
1471 -2.518780e+002 1535.185451 1535.185451 
1472 -2.519076e+002 2340.077960 2340.077960 
1473 -2.519317e+002 8217.629394 8217.629394 
1474 -2.519297e+002 3882.800141 3882.800141 
1475 -2.519196e+002 2515.993136 2515.993136 
1476 -2.519336e+002 6820.720806 6820.720806 
1477 -2.519093e+002 5067.223999 5067.223999 
1478 -2.519479e+002 6413.695175 6413.695175 
1479 -2.518971e+002 3093.326082 3093.326082 
1480 -2.519213e+002 8948.229174 8948.229174 
1481 -2.518788e+002 1178.342487 1178.342487 
1482 -2.519054e+002 6878.534079 6878.534079 
1483 -2.519376e+002 1718.607068 1718.607068 
1484 -2.519322e+002 2918.133240 2918.133240 
1485 -2.519180e+002 2538.628367 2538.628367 
1486 -2.519141e+002 5359.604629 5359.604629 
1487 -2.519374e+002 2736.950606 2736.950606 
1488 -2.518976e+002 2064.932284 2064.932284 
1489 -2.519428e+002 6909.656976 6909.656976 
1490 -2.519213e+002 3447.125856 3447.125856 
1491 -2.519094e+002 6376.678253 6376.678253 
1492 -2.519146e+002 8025.857861 8025.857861 
1493 -2.519269e+002 4867.521785 4867.521785 
1494 -2.519056e+002 7519.367360 7519.367360 
1495 -2.519295e+002 5043.005190 5043.005190 
1496 -2.519120e+002 3934.129755 3934.129755 
1497 -2.519022e+002 2331.375539 2331.375539 
1498 -2.519285e+002 6594.785128 6594.785128 
1499 -2.519097e+002 8587.022860 8587.022860 
1500 -2.519239e+002 7281.784060 7281.784060 
1501 -2.519096e+002 5038.108368 5038.108368 
1502 -2.519151e+002 6626.153701 6626.153701 
1503 -2.519128e+002 7631.605242 7631.605242 
1504 -2.519232e+002 8278.138444 8278.138444 
1505 -2.519413e+002 3238.194313 3238.194313 
1506 -2.519009e+002 473.014286 473.014286 
1507 -2.518855e+002 2342.684780 2342.684780 
1508 -2.518757e+002 674.755114 674.755114 
1509 -2.515428e+002 134.901028 134.901028 
1510 -2.517549e+002 522.451484 522.451484 
1511 -2.515469e+002 119.617817 119.617817 
1512 -2.510037e+002 13.851762 13.851762 
1513 -2.516627e+002 182.884500 182.884500 
1514 -2.518317e+002 1123.422311 1123.422311 
1515 -2.519319e+002 9437.289972 9437.289972 
1516 -2.519319e+002 7558.556634 7558.556634 
1517 -2.519397e+002 4323.447010 4323.447010 
1518 -2.519026e+002 7413.113932 7413.113932 
1519 -2.519201e+002 8938.943830 8938.943830 
1520 -2.519181e+002 9428.939056 9428.939056 
1521 -2.519342e+002 4253.732525 4253.732525 
1522 -2.518887e+002 5496.001768 5496.001768 
1523 -2.518787e+002 2785.731338 2785.731338 
1524 -2.518905e+002 4000.780954 4000.780954 
1525 -2.519276e+002 5428.926633 5428.926633 
1526 -2.519261e+002 6470.251903 6470.251903 
1527 -2.518876e+002 2334.505189 2334.505189 
1528 -2.519124e+002 7839.965865 7839.965865 
1529 -2.519248e+002 5724.423163 5724.423163 
1530 -2.519275e+002 9635.177860 9635.177860 
1531 -2.519312e+002 5048.963106 5048.963106 
1532 -2.518894e+002 5208.965670 5208.965670 
1533 -2.519091e+002 6913.199607 6913.199607 
1534 -2.519452e+002 3458.718065 3458.718065 
1535 -2.519386e+002 4776.763461 4776.763461 
1536 -2.518991e+002 7769.304165 7769.304165 
1537 -2.519297e+002 9803.027972 9803.027972 
1538 -2.518968e+002 4793.714924 4793.714924 
1539 -2.519365e+002 6479.457891 6479.457891 
1540 -2.519206e+002 6963.317051 6963.317051 
1541 -2.519544e+002 3194.595652 3194.595652 
1542 -2.519304e+002 8080.960278 8080.960278 
1543 -2.519352e+002 6247.670229 6247.670229 
1544 -2.519248e+002 9090.443004 9090.443004 
1545 -2.519074e+002 9053.963941 9053.963941 
1546 -2.517834e+002 858.638102 858.638102 
1547 -2.519492e+002 5730.070406 5730.070406 
1548 -2.518913e+002 1827.370060 1827.370060 
1549 -2.518820e+002 1575.593982 1575.593982 
1550 -2.519007e+002 1567.164755 1567.164755 
1551 -2.519214e+002 7830.904351 7830.904351 
1552 -2.519172e+002 7778.859920 7778.859920 
1553 -2.519273e+002 6415.051006 6415.051006 
1554 -2.519368e+002 2463.445266 2463.445266 
1555 -2.519342e+002 5133.057550 5133.057550 
1556 -2.519283e+002 5515.892704 5515.892704 
1557 -2.518990e+002 1961.166041 1961.166041 
1558 -2.519391e+002 3729.110077 3729.110077 
1559 -2.519260e+002 3040.538703 3040.538703 
1560 -2.519206e+002 9923.571209 9923.571209 
1561 -2.519216e+002 9699.082391 9699.082391 
1562 -2.519313e+002 7470.709712 7470.709712 
1563 -2.519404e+002 7220.233350 7220.233350 
1564 -2.519202e+002 9600.812858 9600.812858 
1565 -2.519040e+002 7067.152835 7067.152835 
1566 -2.519075e+002 1984.520981 1984.520981 
1567 -2.519316e+002 7475.754283 7475.754283 
1568 -2.519217e+002 3629.796541 3629.796541 
1569 -2.519303e+002 3394.679323 3394.679323 
1570 -2.519336e+002 5160.993852 5160.993852 
1571 -2.519128e+002 8867.859551 8867.859551 
1572 -2.519142e+002 8124.232977 8124.232977 
1573 -2.519328e+002 9773.424271 9773.424271 
1574 -2.519433e+002 5220.773969 5220.773969 
1575 -2.519001e+002 2921.159918 2921.159918 
1576 -2.519146e+002 6856.938102 6856.938102 
1577 -2.519311e+002 6257.034170 6257.034170 
1578 -2.519334e+002 9637.947077 9637.947077 
1579 -2.519025e+002 4836.847249 4836.847249 
1580 -2.519164e+002 5393.889887 5393.889887 
1581 -2.518930e+002 4195.362395 4195.362395 
1582 -2.518483e+002 1573.551934 1573.551934 
1583 -2.519074e+002 3113.305030 3113.305030 
1584 -2.518944e+002 7712.351517 7712.351517 
1585 -2.519295e+002 7354.061490 7354.061490 
1586 -2.519107e+002 6069.670172 6069.670172 
1587 -2.519153e+002 847.282399 847.282399 
1588 -2.517556e+002 401.700952 401.700952 
1589 -2.519113e+002 1811.868414 1811.868414 
1590 -2.519194e+002 3697.782214 3697.782214 
1591 -2.519565e+002 2909.865737 2909.865737 
1592 -2.519173e+002 9847.413851 9847.413851 
1593 -2.519053e+002 7100.502126 7100.502126 
1594 -2.518752e+002 2580.253072 2580.253072 
1595 -2.519120e+002 5825.833245 5825.833245 
1596 -2.519318e+002 8292.733106 8292.733106 
1597 -2.519365e+002 3116.420139 3116.420139 
1598 -2.518970e+002 5565.458951 5565.458951 
1599 -2.519132e+002 5343.197362 5343.197362 
1600 -2.519413e+002 8559.883661 8559.883661 
1601 -2.519078e+002 8681.310813 8681.310813 
1602 -2.519362e+002 3862.068715 3862.068715 
1603 -2.518544e+002 887.445103 887.445103 
1604 -2.519089e+002 1930.963595 1930.963595 
1605 -2.519234e+002 9619.410212 9619.410212 
1606 -2.519228e+002 9749.781693 9749.781693 
1607 -2.519314e+002 6159.258424 6159.258424 
1608 -2.519161e+002 4250.326832 4250.326832 
1609 -2.519006e+002 2418.774705 2418.774705 
1610 -2.519007e+002 3454.705398 3454.705398 
1611 -2.519277e+002 3356.837744 3356.837744 
1612 -2.519335e+002 8642.955849 8642.955849 
1613 -2.519384e+002 8416.928328 8416.928328 
1614 -2.519183e+002 7099.291495 7099.291495 
1615 -2.519119e+002 5481.831035 5481.831035 
1616 -2.519095e+002 8361.076007 8361.076007 
1617 -2.519154e+002 7986.821959 7986.821959 
1618 -2.519279e+002 8107.464392 8107.464392 
1619 -2.519360e+002 6758.903175 6758.903175 
1620 -2.519158e+002 4016.042965 4016.042965 
1621 -2.519283e+002 9990.724941 9990.724941 
1622 -2.519106e+002 3464.850039 3464.850039 
1623 -2.519248e+002 4713.750387 4713.750387 
1624 -2.519303e+002 9301.540087 9301.540087 
1625 -2.519352e+002 7986.150507 7986.150507 
1626 -2.519083e+002 5678.363379 5678.363379 
1627 -2.519443e+002 8652.659995 8652.659995 
1628 -2.519016e+002 2065.905241 2065.905241 
1629 -2.519468e+002 3945.066142 3945.066142 
1630 -2.519027e+002 9461.766082 9461.766082 
1631 -2.519024e+002 3876.885593 3876.885593 
1632 -2.519265e+002 9018.962037 9018.962037 
1633 -2.519164e+002 7619.083979 7619.083979 
1634 -2.519402e+002 6623.251780 6623.251780 
1635 -2.519170e+002 7909.230907 7909.230907 
1636 -2.519114e+002 9434.377084 9434.377084 
1637 -2.519264e+002 6567.497526 6567.497526 
1638 -2.519275e+002 4883.650537 4883.650537 
1639 -2.519297e+002 8348.468499 8348.468499 
1640 -2.519222e+002 7670.493152 7670.493152 
1641 -2.519218e+002 6460.346525 6460.346525 
1642 -2.518987e+002 3941.824376 3941.824376 
1643 -2.519236e+002 8036.699482 8036.699482 
1644 -2.519119e+002 4746.260395 4746.260395 
1645 -2.519052e+002 8831.020529 8831.020529 
1646 -2.519295e+002 6623.062442 6623.062442 
1647 -2.519268e+002 8643.009139 8643.009139 
1648 -2.519351e+002 7386.461070 7386.461070 
1649 -2.519202e+002 8588.063118 8588.063118 
1650 -2.519155e+002 7163.431139 7163.431139 
1651 -2.519083e+002 7973.401672 7973.401672 
1652 -2.519452e+002 8910.580676 8910.580676 
1653 -2.519409e+002 6364.018776 6364.018776 
1654 -2.518774e+002 3271.771011 3271.771011 
1655 -2.519112e+002 5965.941462 5965.941462 
1656 -2.519088e+002 3271.831145 3271.831145 
1657 -2.518986e+002 2192.823741 2192.823741 
1658 -2.519246e+002 5996.385272 5996.385272 
1659 -2.519223e+002 6759.724903 6759.724903 
1660 -2.519140e+002 4022.566997 4022.566997 
1661 -2.519026e+002 4336.632898 4336.632898 
1662 -2.518990e+002 4794.860760 4794.860760 
1663 -2.519210e+002 2799.088273 2799.088273 
1664 -2.518898e+002 4678.065724 4678.065724 
1665 -2.519280e+002 7518.304751 7518.304751 
1666 -2.519267e+002 2868.028165 2868.028165 
1667 -2.516301e+002 206.513272 206.513272 
1668 -2.518439e+002 434.104051 434.104051 
1669 -2.518506e+002 601.258499 601.258499 
1670 -2.519067e+002 5288.657342 5288.657342 
1671 -2.519294e+002 7827.899802 7827.899802 
1672 -2.519187e+002 6557.829182 6557.829182 
1673 -2.519040e+002 4031.931034 4031.931034 
1674 -2.518820e+002 887.935896 887.935896 
1675 -2.518792e+002 474.971942 474.971942 
1676 -2.518967e+002 4464.223899 4464.223899 
1677 -2.519314e+002 9080.437383 9080.437383 
1678 -2.519095e+002 4290.519109 4290.519109 
1679 -2.519430e+002 8063.060353 8063.060353 
1680 -2.519332e+002 8805.104395 8805.104395 
1681 -2.519078e+002 6337.153904 6337.153904 
1682 -2.519324e+002 7252.297024 7252.297024 
1683 -2.519369e+002 7588.375869 7588.375869 
1684 -2.519321e+002 7382.790796 7382.790796 
1685 -2.519197e+002 5927.991138 5927.991138 
1686 -2.519322e+002 3777.852270 3777.852270 
1687 -2.519266e+002 5184.302634 5184.302634 
1688 -2.518998e+002 6090.059957 6090.059957 
1689 -2.519036e+002 8011.727201 8011.727201 
1690 -2.519268e+002 3411.644031 3411.644031 
1691 -2.518910e+002 1421.507752 1421.507752 
1692 -2.517798e+002 309.771789 309.771789 
1693 -2.519170e+002 2082.960688 2082.960688 
1694 -2.517648e+002 414.231030 414.231030 
1695 -2.518431e+002 508.198408 508.198408 
1696 -2.519330e+002 1358.130612 1358.130612 
1697 -2.516091e+002 147.227357 147.227357 
1698 -2.518319e+002 530.471943 530.471943 
1699 -2.519386e+002 2237.440376 2237.440376 
1700 -2.519000e+002 7426.520098 7426.520098 
1701 -2.518954e+002 3098.660109 3098.660109 
1702 -2.519185e+002 5512.076141 5512.076141 
1703 -2.519437e+002 2757.360382 2757.360382 
1704 -2.519072e+002 3505.450903 3505.450903 
1705 -2.519139e+002 4060.837730 4060.837730 
1706 -2.519262e+002 7000.747182 7000.747182 
1707 -2.519243e+002 8844.181223 8844.181223 
1708 -2.519076e+002 7531.858162 7531.858162 
1709 -2.519123e+002 7751.495884 7751.495884 
1710 -2.519352e+002 6140.177721 6140.177721 
1711 -2.519084e+002 7237.728122 7237.728122 
1712 -2.519409e+002 2208.689595 2208.689595 
1713 -2.519070e+002 5199.043465 5199.043465 
1714 -2.519019e+002 5338.105542 5338.105542 
1715 -2.519216e+002 5062.003522 5062.003522 
1716 -2.519189e+002 5578.476524 5578.476524 
1717 -2.519267e+002 1470.038508 1470.038508 
1718 -2.519187e+002 3664.422820 3664.422820 
1719 -2.519206e+002 4200.877466 4200.877466 
1720 -2.518976e+002 6334.380491 6334.380491 
1721 -2.519395e+002 6813.813435 6813.813435 
1722 -2.518806e+002 2375.120135 2375.120135 
1723 -2.518926e+002 2814.074800 2814.074800 
1724 -2.519286e+002 3552.932622 3552.932622 
1725 -2.519242e+002 6370.873871 6370.873871 
1726 -2.519128e+002 9872.790320 9872.790320 
1727 -2.519142e+002 8529.388501 8529.388501 
1728 -2.519385e+002 6358.133194 6358.133194 
1729 -2.519374e+002 2750.282518 2750.282518 
1730 -2.519233e+002 4517.428666 4517.428666 
1731 -2.518784e+002 8188.099152 8188.099152 
1732 -2.518921e+002 2118.315081 2118.315081 
1733 -2.519140e+002 3184.556241 3184.556241 
1734 -2.518959e+002 2917.306705 2917.306705 
1735 -2.519370e+002 9887.191622 9887.191622 
1736 -2.518474e+002 1891.685634 1891.685634 
1737 -2.518747e+002 3505.054902 3505.054902 
1738 -2.519148e+002 9525.587487 9525.587487 
1739 -2.519060e+002 3938.193561 3938.193561 
1740 -2.519277e+002 3485.599392 3485.599392 
1741 -2.519305e+002 8720.378338 8720.378338 
1742 -2.519325e+002 9256.579192 9256.579192 
1743 -2.519238e+002 4216.814517 4216.814517 
1744 -2.519298e+002 3048.861027 3048.861027 
1745 -2.519242e+002 8739.787607 8739.787607 
1746 -2.519181e+002 6679.827463 6679.827463 
1747 -2.518966e+002 7304.903096 7304.903096 
1748 -2.519249e+002 4297.084893 4297.084893 
1749 -2.519324e+002 5550.098483 5550.098483 
1750 -2.519019e+002 6870.446253 6870.446253 
1751 -2.519187e+002 7002.508937 7002.508937 
1752 -2.519181e+002 5157.858178 5157.858178 
1753 -2.518828e+002 4464.476652 4464.476652 
1754 -2.519400e+002 4566.165095 4566.165095 
1755 -2.519094e+002 5242.614908 5242.614908 
1756 -2.519124e+002 3315.019624 3315.019624 
1757 -2.519064e+002 3888.038131 3888.038131 
1758 -2.519163e+002 779.683349 779.683349 
1759 -2.519170e+002 4211.109481 4211.109481 
1760 -2.519360e+002 6928.780672 6928.780672 
1761 -2.519308e+002 9103.054026 9103.054026 
1762 -2.517769e+002 543.317613 543.317613 
1763 -2.518879e+002 1372.680107 1372.680107 
1764 -2.519515e+002 1484.068189 1484.068189 
1765 -2.518979e+002 2921.398517 2921.398517 
1766 -2.518732e+002 1899.567630 1899.567630 
1767 -2.518734e+002 2597.851958 2597.851958 
1768 -2.519168e+002 1990.883979 1990.883979 
1769 -2.518855e+002 888.234791 888.234791 
1770 -2.519110e+002 2796.392544 2796.392544 
1771 -2.519251e+002 7663.628872 7663.628872 
1772 -2.519372e+002 8961.697457 8961.697457 
1773 -2.519136e+002 2593.465342 2593.465342 
1774 -2.519054e+002 3395.392118 3395.392118 
1775 -2.518875e+002 1208.418183 1208.418183 
1776 -2.519276e+002 9859.243215 9859.243215 
1777 -2.519395e+002 6100.040148 6100.040148 
1778 -2.518872e+002 1075.900405 1075.900405 
1779 -2.519228e+002 1280.515287 1280.515287 
1780 -2.519102e+002 2016.323974 2016.323974 
1781 -2.519133e+002 3267.092879 3267.092879 
1782 -2.519105e+002 5998.262653 5998.262653 
1783 -2.519321e+002 6565.485122 6565.485122 
1784 -2.519296e+002 8703.196079 8703.196079 
1785 -2.518856e+002 3379.838368 3379.838368 
1786 -2.519217e+002 7718.850102 7718.850102 
1787 -2.519262e+002 4252.056534 4252.056534 
1788 -2.517719e+002 346.602307 346.602307 
1789 -2.518172e+002 442.658377 442.658377 
1790 -2.519130e+002 5312.327452 5312.327452 
1791 -2.519286e+002 5853.849233 5853.849233 
1792 -2.519334e+002 3358.999677 3358.999677 
1793 -2.519238e+002 6073.228860 6073.228860 
1794 -2.519167e+002 6786.153130 6786.153130 
1795 -2.519332e+002 7305.837737 7305.837737 
1796 -2.519333e+002 2197.869100 2197.869100 
1797 -2.519063e+002 5976.907815 5976.907815 
1798 -2.517279e+002 373.178545 373.178545 
1799 -2.509414e+002 30.073609 30.073609 
1800 -2.514470e+002 74.533087 74.533087 
1801 -2.518978e+002 1671.094363 1671.094363 
1802 -2.519261e+002 2404.559036 2404.559036 
1803 -2.519099e+002 6039.348613 6039.348613 
1804 -2.519434e+002 1490.845063 1490.845063 
1805 -2.517487e+002 574.304630 574.304630 
1806 -2.518397e+002 367.547323 367.547323 
1807 -2.519420e+002 9485.647708 9485.647708 
1808 -2.519014e+002 7333.177058 7333.177058 
1809 -2.519321e+002 9762.172977 9762.172977 
1810 -2.519190e+002 9792.597692 9792.597692 
1811 -2.519304e+002 7615.628960 7615.628960 
1812 -2.518833e+002 4705.578242 4705.578242 
1813 -2.518910e+002 3857.622627 3857.622627 
1814 -2.518271e+002 283.130328 283.130328 
1815 -2.519122e+002 8715.905000 8715.905000 
1816 -2.519135e+002 3732.987567 3732.987567 
1817 -2.519338e+002 6129.600700 6129.600700 
1818 -2.519229e+002 1567.897733 1567.897733 
1819 -2.519190e+002 3237.073294 3237.073294 
1820 -2.515736e+002 184.371683 184.371683 
1821 -2.515157e+002 112.008318 112.008318 
1822 -2.517174e+002 127.274738 127.274738 
1823 -2.518771e+002 538.531644 538.531644 
1824 -2.518846e+002 2453.083431 2453.083431 
1825 -2.519458e+002 7462.928935 7462.928935 
1826 -2.519355e+002 3970.497813 3970.497813 
1827 -2.519188e+002 5126.238601 5126.238601 
1828 -2.519343e+002 2534.653290 2534.653290 
1829 -2.519102e+002 2362.332679 2362.332679 
1830 -2.519277e+002 6204.359686 6204.359686 
1831 -2.519161e+002 7780.082055 7780.082055 
1832 -2.518981e+002 3175.976701 3175.976701 
1833 -2.519106e+002 7661.744742 7661.744742 
1834 -2.518966e+002 2514.454842 2514.454842 
1835 -2.519295e+002 6188.128642 6188.128642 
1836 -2.519018e+002 5262.591024 5262.591024 
1837 -2.518601e+002 1135.722916 1135.722916 
1838 -2.518566e+002 483.475624 483.475624 
1839 -2.519231e+002 520.485332 520.485332 
1840 -2.518740e+002 620.777369 620.777369 
1841 -2.519091e+002 1789.205658 1789.205658 
1842 -2.518924e+002 4088.600701 4088.600701 
1843 -2.519081e+002 4388.267818 4388.267818 
1844 -2.518920e+002 3342.748208 3342.748208 
1845 -2.518806e+002 1339.800981 1339.800981 
1846 -2.519208e+002 1764.908935 1764.908935 
1847 -2.519465e+002 5063.003527 5063.003527 
1848 -2.519169e+002 8119.127609 8119.127609 
1849 -2.519300e+002 3948.021681 3948.021681 
1850 -2.519258e+002 6584.022133 6584.022133 
1851 -2.518883e+002 4976.433775 4976.433775 
1852 -2.519254e+002 7451.812629 7451.812629 
1853 -2.518896e+002 9715.766313 9715.766313 
1854 -2.519364e+002 6287.646224 6287.646224 
1855 -2.519350e+002 4849.688548 4849.688548 
1856 -2.518814e+002 1861.960043 1861.960043 
1857 -2.519324e+002 4904.314770 4904.314770 
1858 -2.519341e+002 9317.581674 9317.581674 
1859 -2.519299e+002 9593.562468 9593.562468 
1860 -2.519200e+002 5757.944359 5757.944359 
1861 -2.519125e+002 1344.367939 1344.367939 
1862 -2.519162e+002 8966.308050 8966.308050 
1863 -2.519048e+002 2436.559860 2436.559860 
1864 -2.518924e+002 2607.196053 2607.196053 
1865 -2.519264e+002 4728.871243 4728.871243 
1866 -2.519189e+002 3205.504959 3205.504959 
1867 -2.519185e+002 6625.922137 6625.922137 
1868 -2.519073e+002 7237.036404 7237.036404 
1869 -2.519223e+002 4578.620110 4578.620110 
1870 -2.518975e+002 4973.909364 4973.909364 
1871 -2.519229e+002 8836.633177 8836.633177 
1872 -2.518979e+002 5289.008532 5289.008532 
1873 -2.519190e+002 6818.156215 6818.156215 
1874 -2.519239e+002 9371.154849 9371.154849 
1875 -2.519193e+002 7627.779040 7627.779040 
1876 -2.519007e+002 3507.251521 3507.251521 
1877 -2.519000e+002 6677.386274 6677.386274 
1878 -2.519082e+002 8964.428295 8964.428295 
1879 -2.519047e+002 5041.629177 5041.629177 
1880 -2.519307e+002 5253.351245 5253.351245 
1881 -2.519327e+002 7257.695683 7257.695683 
1882 -2.519283e+002 6266.284205 6266.284205 
1883 -2.519113e+002 7071.945100 7071.945100 
1884 -2.519270e+002 6733.212691 6733.212691 
1885 -2.519144e+002 6876.627919 6876.627919 
1886 -2.519019e+002 5549.038886 5549.038886 
1887 -2.519330e+002 6660.083393 6660.083393 
1888 -2.519127e+002 7155.494413 7155.494413 
1889 -2.519340e+002 6008.735316 6008.735316 
1890 -2.518917e+002 6377.216383 6377.216383 
1891 -2.518990e+002 1792.836283 1792.836283 
1892 -2.519108e+002 9489.223778 9489.223778 
1893 -2.519436e+002 9711.464730 9711.464730 
1894 -2.519312e+002 6374.038201 6374.038201 
1895 -2.519426e+002 4055.790247 4055.790247 
1896 -2.519172e+002 4717.009956 4717.009956 
1897 -2.519024e+002 3912.968359 3912.968359 
1898 -2.518871e+002 1661.028150 1661.028150 
1899 -2.517281e+002 295.431290 295.431290 
1900 -2.512045e+002 31.292557 31.292557 
1901 -2.512422e+002 55.420234 55.420234 
1902 -2.517883e+002 350.905343 350.905343 
1903 -2.519229e+002 7003.586945 7003.586945 
1904 -2.519095e+002 779.082001 779.082001 
1905 -2.519380e+002 4620.080116 4620.080116 
1906 -2.516495e+002 278.948834 278.948834 
1907 -2.518748e+002 1460.707579 1460.707579 
1908 -2.517590e+002 945.611568 945.611568 
1909 -2.519213e+002 6542.836041 6542.836041 
1910 -2.519035e+002 3950.860440 3950.860440 
1911 -2.519246e+002 3315.848203 3315.848203 
1912 -2.519272e+002 5658.359845 5658.359845 
1913 -2.518798e+002 5211.810333 5211.810333 
1914 -2.519527e+002 2016.241647 2016.241647 
1915 -2.519131e+002 7749.692797 7749.692797 
1916 -2.519268e+002 5358.013106 5358.013106 
1917 -2.519294e+002 8388.073024 8388.073024 
1918 -2.519312e+002 5213.656759 5213.656759 
1919 -2.518440e+002 893.901485 893.901485 
1920 -2.517902e+002 639.502381 639.502381 
1921 -2.518694e+002 311.208370 311.208370 
1922 -2.518674e+002 941.737969 941.737969 
1923 -2.519227e+002 9614.091733 9614.091733 
1924 -2.518975e+002 6990.600252 6990.600252 
1925 -2.519099e+002 1752.875588 1752.875588 
1926 -2.518262e+002 903.687671 903.687671 
1927 -2.515920e+002 61.979637 61.979637 
1928 -2.518331e+002 432.142454 432.142454 
1929 -2.518992e+002 2267.387566 2267.387566 
1930 -2.519198e+002 2103.649733 2103.649733 
1931 -2.519330e+002 9524.319656 9524.319656 
1932 -2.519332e+002 5860.730986 5860.730986 
1933 -2.518889e+002 4456.857450 4456.857450 
1934 -2.519233e+002 8646.735239 8646.735239 
1935 -2.519093e+002 2384.215227 2384.215227 
1936 -2.519256e+002 8815.550606 8815.550606 
1937 -2.519297e+002 5443.609199 5443.609199 
1938 -2.519332e+002 6060.331348 6060.331348 
1939 -2.519150e+002 6516.702233 6516.702233 
1940 -2.519394e+002 7021.015346 7021.015346 
1941 -2.519068e+002 5552.651890 5552.651890 
1942 -2.519016e+002 5246.438564 5246.438564 
1943 -2.519179e+002 9419.382587 9419.382587 
1944 -2.519358e+002 9781.975159 9781.975159 
1945 -2.519207e+002 7709.574884 7709.574884 
1946 -2.519190e+002 7449.185782 7449.185782 
1947 -2.519136e+002 4945.297616 4945.297616 
1948 -2.519617e+002 6205.629554 6205.629554 
1949 -2.519157e+002 8181.590381 8181.590381 
1950 -2.519130e+002 3445.086648 3445.086648 
1951 -2.519317e+002 8261.431237 8261.431237 
1952 -2.519212e+002 9090.269565 9090.269565 
1953 -2.519260e+002 6955.654118 6955.654118 
1954 -2.519335e+002 7916.167125 7916.167125 
1955 -2.519073e+002 6551.215885 6551.215885 
1956 -2.519309e+002 7330.867046 7330.867046 
1957 -2.518975e+002 2549.941755 2549.941755 
1958 -2.519382e+002 2078.891362 2078.891362 
1959 -2.519217e+002 6729.571158 6729.571158 
1960 -2.519240e+002 2267.713412 2267.713412 
1961 -2.519283e+002 2450.149659 2450.149659 
1962 -2.519246e+002 8044.355815 8044.355815 
1963 -2.519171e+002 9848.959077 9848.959077 
1964 -2.519210e+002 4667.674008 4667.674008 
1965 -2.518981e+002 2272.849014 2272.849014 
1966 -2.518543e+002 1063.551216 1063.551216 
1967 -2.518943e+002 818.271629 818.271629 
1968 -2.519097e+002 6883.724776 6883.724776 
1969 -2.519334e+002 9589.683893 9589.683893 
1970 -2.519170e+002 3570.325530 3570.325530 
1971 -2.519339e+002 7406.713237 7406.713237 
1972 -2.519259e+002 9353.552788 9353.552788 
1973 -2.519100e+002 5998.716421 5998.716421 
1974 -2.519030e+002 9263.494646 9263.494646 
1975 -2.519361e+002 1435.839634 1435.839634 
1976 -2.518687e+002 2553.400744 2553.400744 
1977 -2.519106e+002 6326.387633 6326.387633 
1978 -2.519235e+002 6891.965743 6891.965743 
1979 -2.519183e+002 8412.728119 8412.728119 
1980 -2.519365e+002 6570.157979 6570.157979 
1981 -2.519259e+002 5258.999243 5258.999243 
1982 -2.519476e+002 8908.012411 8908.012411 
1983 -2.519476e+002 8908.012411 8908.012411 
1984 -2.519112e+002 2496.108848 2496.108848 
1985 -2.519158e+002 9840.524200 9840.524200 
1986 -2.519086e+002 9563.216970 9563.216970 
1987 -2.519340e+002 1325.925994 1325.925994 
1988 -2.518772e+002 4240.319933 4240.319933 
1989 -2.519251e+002 4209.251561 4209.251561 
1990 -2.519047e+002 4728.335921 4728.335921 
1991 -2.519020e+002 2852.740865 2852.740865 
1992 -2.519215e+002 5521.799074 5521.799074 
1993 -2.519399e+002 4548.366653 4548.366653 
1994 -2.519296e+002 1322.407513 1322.407513 
1995 -2.518961e+002 4216.178569 4216.178569 
1996 -2.516109e+002 143.188300 143.188300 
1997 -2.514543e+002 86.503653 86.503653 
1998 -2.517550e+002 199.636562 199.636562 
1999 -2.518079e+002 340.472385 340.472385 
2000 -2.519098e+002 6043.719013 6043.719013 
