                   Output from the program

 Estimating Ne only, assuming a single isolated population (m==0)

**************** Likelihood estimates ***************
   PARAMETER      POINT_EST         +95%CI         -95%CI
          Ne     9.9999E+03  >  1.0000E+04     4.6234E+01

Relative profile log-likelihood as a function of Ne
              Ne          Log(L)
           46.23         -2.0000
           48.56         -1.8618
           52.50         -1.6620
           57.75         -1.4611
           65.62         -1.2184
           73.50         -1.0403
           84.00         -0.8691
          113.08         -0.5897
          173.96         -0.3443
          330.41         -0.1615
          627.57         -0.0779
         1207.44         -0.0367
         3011.46         -0.0115
         9999.86          0.0000

**************** Moment     estimates ***************

 Estimate of Ne INFINITE
 Ne<0 indicates an infinitely large estimate of Ne



 Program started:  Date(d/m/y)=13/04/2009,  Time(s/m/hr)=21/19/17
 Program finished: Date(d/m/y)=13/04/2009,  Time(s/m/hr)=05/23/17
